<?xml version="1.0" encoding="UTF-8"?>
<!-- Generated by org.testng.reporters.JUnitReportReporter -->
<testsuite hostname="DESKTOP-PSABS8C" failures="0" tests="1007" name="cs.ing.software.lab1.MainTest" time="8.587" errors="0" timestamp="2021-09-15T01:31:19 COT" skipped="0">
  <testcase classname="cs.ing.software.lab1.MainTest" name="Test08" time="0.000"/>
  <system-out/>
  <testcase classname="cs.ing.software.lab1.MainTest" name="Test08" time="0.001"/>
  <system-out/>
  <testcase classname="cs.ing.software.lab1.MainTest" name="Test08" time="0.001"/>
  <system-out/>
  <testcase classname="cs.ing.software.lab1.MainTest" name="Test08" time="0.002"/>
  <system-out/>
  <testcase classname="cs.ing.software.lab1.MainTest" name="Test08" time="0.001"/>
  <system-out/>
  <testcase classname="cs.ing.software.lab1.MainTest" name="Test08" time="0.000"/>
  <system-out/>
  <testcase classname="cs.ing.software.lab1.MainTest" name="Test08" time="0.002"/>
  <system-out/>
  <testcase classname="cs.ing.software.lab1.MainTest" name="Test08" time="0.032"/>
  <system-out/>
  <testcase classname="cs.ing.software.lab1.MainTest" name="Test08" time="0.000"/>
  <system-out/>
  <testcase classname="cs.ing.software.lab1.MainTest" name="Test08" time="0.034"/>
  <system-out/>
  <testcase classname="cs.ing.software.lab1.MainTest" name="Test08" time="0.001"/>
  <system-out/>
  <testcase classname="cs.ing.software.lab1.MainTest" name="Test08" time="0.000"/>
  <system-out/>
  <testcase classname="cs.ing.software.lab1.MainTest" name="Test08" time="0.001"/>
  <system-out/>
  <testcase classname="cs.ing.software.lab1.MainTest" name="Test08" time="0.000"/>
  <system-out/>
  <testcase classname="cs.ing.software.lab1.MainTest" name="Test08" time="0.001"/>
  <system-out/>
  <testcase classname="cs.ing.software.lab1.MainTest" name="Test08" time="0.089"/>
  <system-out/>
  <testcase classname="cs.ing.software.lab1.MainTest" name="Test08" time="0.000"/>
  <system-out/>
  <testcase classname="cs.ing.software.lab1.MainTest" name="Test08" time="0.001"/>
  <system-out/>
  <testcase classname="cs.ing.software.lab1.MainTest" name="Test08" time="0.000"/>
  <system-out/>
  <testcase classname="cs.ing.software.lab1.MainTest" name="Test08" time="0.040"/>
  <system-out/>
  <testcase classname="cs.ing.software.lab1.MainTest" name="Test08" time="0.072"/>
  <system-out/>
  <testcase classname="cs.ing.software.lab1.MainTest" name="Test08" time="0.001"/>
  <system-out/>
  <testcase classname="cs.ing.software.lab1.MainTest" name="Test08" time="0.000"/>
  <system-out/>
  <testcase classname="cs.ing.software.lab1.MainTest" name="Test08" time="0.002"/>
  <system-out/>
  <testcase classname="cs.ing.software.lab1.MainTest" name="Test08" time="0.000"/>
  <system-out/>
  <testcase classname="cs.ing.software.lab1.MainTest" name="Test08" time="0.000"/>
  <system-out/>
  <testcase classname="cs.ing.software.lab1.MainTest" name="Test08" time="0.000"/>
  <system-out/>
  <testcase classname="cs.ing.software.lab1.MainTest" name="Test08" time="0.001"/>
  <system-out/>
  <testcase classname="cs.ing.software.lab1.MainTest" name="Test08" time="0.064"/>
  <system-out/>
  <testcase classname="cs.ing.software.lab1.MainTest" name="Test08" time="0.000"/>
  <system-out/>
  <testcase classname="cs.ing.software.lab1.MainTest" name="Test08" time="0.000"/>
  <system-out/>
  <testcase classname="cs.ing.software.lab1.MainTest" name="Test08" time="0.000"/>
  <system-out/>
  <testcase classname="cs.ing.software.lab1.MainTest" name="Test08" time="0.027"/>
  <system-out/>
  <testcase classname="cs.ing.software.lab1.MainTest" name="Test08" time="0.003"/>
  <system-out/>
  <testcase classname="cs.ing.software.lab1.MainTest" name="Test08" time="0.010"/>
  <system-out/>
  <testcase classname="cs.ing.software.lab1.MainTest" name="Test08" time="0.113"/>
  <system-out/>
  <testcase classname="cs.ing.software.lab1.MainTest" name="Test08" time="0.001"/>
  <system-out/>
  <testcase classname="cs.ing.software.lab1.MainTest" name="Test08" time="0.025"/>
  <system-out/>
  <testcase classname="cs.ing.software.lab1.MainTest" name="Test08" time="0.001"/>
  <system-out/>
  <testcase classname="cs.ing.software.lab1.MainTest" name="Test08" time="0.000"/>
  <system-out/>
  <testcase classname="cs.ing.software.lab1.MainTest" name="Test08" time="0.026"/>
  <system-out/>
  <testcase classname="cs.ing.software.lab1.MainTest" name="Test08" time="0.000"/>
  <system-out/>
  <testcase classname="cs.ing.software.lab1.MainTest" name="Test08" time="0.001"/>
  <system-out/>
  <testcase classname="cs.ing.software.lab1.MainTest" name="Test08" time="0.000"/>
  <system-out/>
  <testcase classname="cs.ing.software.lab1.MainTest" name="Test08" time="0.001"/>
  <system-out/>
  <testcase classname="cs.ing.software.lab1.MainTest" name="Test08" time="0.000"/>
  <system-out/>
  <testcase classname="cs.ing.software.lab1.MainTest" name="Test08" time="0.001"/>
  <system-out/>
  <testcase classname="cs.ing.software.lab1.MainTest" name="Test08" time="0.003"/>
  <system-out/>
  <testcase classname="cs.ing.software.lab1.MainTest" name="Test08" time="0.000"/>
  <system-out/>
  <testcase classname="cs.ing.software.lab1.MainTest" name="Test08" time="0.000"/>
  <system-out/>
  <testcase classname="cs.ing.software.lab1.MainTest" name="Test08" time="0.000"/>
  <system-out/>
  <testcase classname="cs.ing.software.lab1.MainTest" name="Test08" time="0.000"/>
  <system-out/>
  <testcase classname="cs.ing.software.lab1.MainTest" name="Test08" time="0.000"/>
  <system-out/>
  <testcase classname="cs.ing.software.lab1.MainTest" name="Test08" time="0.000"/>
  <system-out/>
  <testcase classname="cs.ing.software.lab1.MainTest" name="Test08" time="0.000"/>
  <system-out/>
  <testcase classname="cs.ing.software.lab1.MainTest" name="Test08" time="0.030"/>
  <system-out/>
  <testcase classname="cs.ing.software.lab1.MainTest" name="Test08" time="0.000"/>
  <system-out/>
  <testcase classname="cs.ing.software.lab1.MainTest" name="Test08" time="0.000"/>
  <system-out/>
  <testcase classname="cs.ing.software.lab1.MainTest" name="Test08" time="0.001"/>
  <system-out/>
  <testcase classname="cs.ing.software.lab1.MainTest" name="Test08" time="0.000"/>
  <system-out/>
  <testcase classname="cs.ing.software.lab1.MainTest" name="Test08" time="0.000"/>
  <system-out/>
  <testcase classname="cs.ing.software.lab1.MainTest" name="Test08" time="0.000"/>
  <system-out/>
  <testcase classname="cs.ing.software.lab1.MainTest" name="Test08" time="0.014"/>
  <system-out/>
  <testcase classname="cs.ing.software.lab1.MainTest" name="Test08" time="0.000"/>
  <system-out/>
  <testcase classname="cs.ing.software.lab1.MainTest" name="Test08" time="0.067"/>
  <system-out/>
  <testcase classname="cs.ing.software.lab1.MainTest" name="Test08" time="0.000"/>
  <system-out/>
  <testcase classname="cs.ing.software.lab1.MainTest" name="Test08" time="0.018"/>
  <system-out/>
  <testcase classname="cs.ing.software.lab1.MainTest" name="Test08" time="0.000"/>
  <system-out/>
  <testcase classname="cs.ing.software.lab1.MainTest" name="Test08" time="0.000"/>
  <system-out/>
  <testcase classname="cs.ing.software.lab1.MainTest" name="Test08" time="0.000"/>
  <system-out/>
  <testcase classname="cs.ing.software.lab1.MainTest" name="Test08" time="0.000"/>
  <system-out/>
  <testcase classname="cs.ing.software.lab1.MainTest" name="Test08" time="0.033"/>
  <system-out/>
  <testcase classname="cs.ing.software.lab1.MainTest" name="Test08" time="0.000"/>
  <system-out/>
  <testcase classname="cs.ing.software.lab1.MainTest" name="Test08" time="0.000"/>
  <system-out/>
  <testcase classname="cs.ing.software.lab1.MainTest" name="Test08" time="0.000"/>
  <system-out/>
  <testcase classname="cs.ing.software.lab1.MainTest" name="Test08" time="0.000"/>
  <system-out/>
  <testcase classname="cs.ing.software.lab1.MainTest" name="Test08" time="0.022"/>
  <system-out/>
  <testcase classname="cs.ing.software.lab1.MainTest" name="Test08" time="0.000"/>
  <system-out/>
  <testcase classname="cs.ing.software.lab1.MainTest" name="Test08" time="0.000"/>
  <system-out/>
  <testcase classname="cs.ing.software.lab1.MainTest" name="Test08" time="0.001"/>
  <system-out/>
  <testcase classname="cs.ing.software.lab1.MainTest" name="Test08" time="0.001"/>
  <system-out/>
  <testcase classname="cs.ing.software.lab1.MainTest" name="Test08" time="0.000"/>
  <system-out/>
  <testcase classname="cs.ing.software.lab1.MainTest" name="Test08" time="0.073"/>
  <system-out/>
  <testcase classname="cs.ing.software.lab1.MainTest" name="Test08" time="0.000"/>
  <system-out/>
  <testcase classname="cs.ing.software.lab1.MainTest" name="Test08" time="0.034"/>
  <system-out/>
  <testcase classname="cs.ing.software.lab1.MainTest" name="Test08" time="0.010"/>
  <system-out/>
  <testcase classname="cs.ing.software.lab1.MainTest" name="Test08" time="0.039"/>
  <system-out/>
  <testcase classname="cs.ing.software.lab1.MainTest" name="Test08" time="0.019"/>
  <system-out/>
  <testcase classname="cs.ing.software.lab1.MainTest" name="Test08" time="0.001"/>
  <system-out/>
  <testcase classname="cs.ing.software.lab1.MainTest" name="Test08" time="0.000"/>
  <system-out/>
  <testcase classname="cs.ing.software.lab1.MainTest" name="Test08" time="0.032"/>
  <system-out/>
  <testcase classname="cs.ing.software.lab1.MainTest" name="Test08" time="0.001"/>
  <system-out/>
  <testcase classname="cs.ing.software.lab1.MainTest" name="Test08" time="0.000"/>
  <system-out/>
  <testcase classname="cs.ing.software.lab1.MainTest" name="Test08" time="0.000"/>
  <system-out/>
  <testcase classname="cs.ing.software.lab1.MainTest" name="Test08" time="0.000"/>
  <system-out/>
  <testcase classname="cs.ing.software.lab1.MainTest" name="Test08" time="0.001"/>
  <system-out/>
  <testcase classname="cs.ing.software.lab1.MainTest" name="Test08" time="0.000"/>
  <system-out/>
  <testcase classname="cs.ing.software.lab1.MainTest" name="Test08" time="0.000"/>
  <system-out/>
  <testcase classname="cs.ing.software.lab1.MainTest" name="Test08" time="0.000"/>
  <system-out/>
  <testcase classname="cs.ing.software.lab1.MainTest" name="Test08" time="0.001"/>
  <system-out/>
  <testcase classname="cs.ing.software.lab1.MainTest" name="Test08" time="0.019"/>
  <system-out/>
  <testcase classname="cs.ing.software.lab1.MainTest" name="Test08" time="0.000"/>
  <system-out/>
  <testcase classname="cs.ing.software.lab1.MainTest" name="Test08" time="0.000"/>
  <system-out/>
  <testcase classname="cs.ing.software.lab1.MainTest" name="Test08" time="0.000"/>
  <system-out/>
  <testcase classname="cs.ing.software.lab1.MainTest" name="Test08" time="0.001"/>
  <system-out/>
  <testcase classname="cs.ing.software.lab1.MainTest" name="Test08" time="0.000"/>
  <system-out/>
  <testcase classname="cs.ing.software.lab1.MainTest" name="Test08" time="0.000"/>
  <system-out/>
  <testcase classname="cs.ing.software.lab1.MainTest" name="Test08" time="0.000"/>
  <system-out/>
  <testcase classname="cs.ing.software.lab1.MainTest" name="Test08" time="0.010"/>
  <system-out/>
  <testcase classname="cs.ing.software.lab1.MainTest" name="Test08" time="0.000"/>
  <system-out/>
  <testcase classname="cs.ing.software.lab1.MainTest" name="Test08" time="0.073"/>
  <system-out/>
  <testcase classname="cs.ing.software.lab1.MainTest" name="Test08" time="0.061"/>
  <system-out/>
  <testcase classname="cs.ing.software.lab1.MainTest" name="Test08" time="0.000"/>
  <system-out/>
  <testcase classname="cs.ing.software.lab1.MainTest" name="Test08" time="0.000"/>
  <system-out/>
  <testcase classname="cs.ing.software.lab1.MainTest" name="Test08" time="0.002"/>
  <system-out/>
  <testcase classname="cs.ing.software.lab1.MainTest" name="Test08" time="0.084"/>
  <system-out/>
  <testcase classname="cs.ing.software.lab1.MainTest" name="Test08" time="0.000"/>
  <system-out/>
  <testcase classname="cs.ing.software.lab1.MainTest" name="Test08" time="0.001"/>
  <system-out/>
  <testcase classname="cs.ing.software.lab1.MainTest" name="Test08" time="0.000"/>
  <system-out/>
  <testcase classname="cs.ing.software.lab1.MainTest" name="Test08" time="0.001"/>
  <system-out/>
  <testcase classname="cs.ing.software.lab1.MainTest" name="Test08" time="0.000"/>
  <system-out/>
  <testcase classname="cs.ing.software.lab1.MainTest" name="Test08" time="0.000"/>
  <system-out/>
  <testcase classname="cs.ing.software.lab1.MainTest" name="Test08" time="0.000"/>
  <system-out/>
  <testcase classname="cs.ing.software.lab1.MainTest" name="Test08" time="0.000"/>
  <system-out/>
  <testcase classname="cs.ing.software.lab1.MainTest" name="Test08" time="0.008"/>
  <system-out/>
  <testcase classname="cs.ing.software.lab1.MainTest" name="Test08" time="0.000"/>
  <system-out/>
  <testcase classname="cs.ing.software.lab1.MainTest" name="Test08" time="0.001"/>
  <system-out/>
  <testcase classname="cs.ing.software.lab1.MainTest" name="Test08" time="0.000"/>
  <system-out/>
  <testcase classname="cs.ing.software.lab1.MainTest" name="Test08" time="0.000"/>
  <system-out/>
  <testcase classname="cs.ing.software.lab1.MainTest" name="Test08" time="0.059"/>
  <system-out/>
  <testcase classname="cs.ing.software.lab1.MainTest" name="Test08" time="0.000"/>
  <system-out/>
  <testcase classname="cs.ing.software.lab1.MainTest" name="Test08" time="0.000"/>
  <system-out/>
  <testcase classname="cs.ing.software.lab1.MainTest" name="Test08" time="0.000"/>
  <system-out/>
  <testcase classname="cs.ing.software.lab1.MainTest" name="Test08" time="0.001"/>
  <system-out/>
  <testcase classname="cs.ing.software.lab1.MainTest" name="Test08" time="0.000"/>
  <system-out/>
  <testcase classname="cs.ing.software.lab1.MainTest" name="Test08" time="0.000"/>
  <system-out/>
  <testcase classname="cs.ing.software.lab1.MainTest" name="Test08" time="0.000"/>
  <system-out/>
  <testcase classname="cs.ing.software.lab1.MainTest" name="Test08" time="0.000"/>
  <system-out/>
  <testcase classname="cs.ing.software.lab1.MainTest" name="Test08" time="0.017"/>
  <system-out/>
  <testcase classname="cs.ing.software.lab1.MainTest" name="Test08" time="0.000"/>
  <system-out/>
  <testcase classname="cs.ing.software.lab1.MainTest" name="Test08" time="0.006"/>
  <system-out/>
  <testcase classname="cs.ing.software.lab1.MainTest" name="Test08" time="0.000"/>
  <system-out/>
  <testcase classname="cs.ing.software.lab1.MainTest" name="Test08" time="0.000"/>
  <system-out/>
  <testcase classname="cs.ing.software.lab1.MainTest" name="Test08" time="0.000"/>
  <system-out/>
  <testcase classname="cs.ing.software.lab1.MainTest" name="Test08" time="0.000"/>
  <system-out/>
  <testcase classname="cs.ing.software.lab1.MainTest" name="Test08" time="0.000"/>
  <system-out/>
  <testcase classname="cs.ing.software.lab1.MainTest" name="Test08" time="0.000"/>
  <system-out/>
  <testcase classname="cs.ing.software.lab1.MainTest" name="Test08" time="0.000"/>
  <system-out/>
  <testcase classname="cs.ing.software.lab1.MainTest" name="Test08" time="0.000"/>
  <system-out/>
  <testcase classname="cs.ing.software.lab1.MainTest" name="Test08" time="0.000"/>
  <system-out/>
  <testcase classname="cs.ing.software.lab1.MainTest" name="Test08" time="0.000"/>
  <system-out/>
  <testcase classname="cs.ing.software.lab1.MainTest" name="Test08" time="0.000"/>
  <system-out/>
  <testcase classname="cs.ing.software.lab1.MainTest" name="Test08" time="0.001"/>
  <system-out/>
  <testcase classname="cs.ing.software.lab1.MainTest" name="Test08" time="0.002"/>
  <system-out/>
  <testcase classname="cs.ing.software.lab1.MainTest" name="Test08" time="0.062"/>
  <system-out/>
  <testcase classname="cs.ing.software.lab1.MainTest" name="Test08" time="0.000"/>
  <system-out/>
  <testcase classname="cs.ing.software.lab1.MainTest" name="Test08" time="0.000"/>
  <system-out/>
  <testcase classname="cs.ing.software.lab1.MainTest" name="Test08" time="0.001"/>
  <system-out/>
  <testcase classname="cs.ing.software.lab1.MainTest" name="Test08" time="0.000"/>
  <system-out/>
  <testcase classname="cs.ing.software.lab1.MainTest" name="Test08" time="0.001"/>
  <system-out/>
  <testcase classname="cs.ing.software.lab1.MainTest" name="Test08" time="0.000"/>
  <system-out/>
  <testcase classname="cs.ing.software.lab1.MainTest" name="Test08" time="0.000"/>
  <system-out/>
  <testcase classname="cs.ing.software.lab1.MainTest" name="Test08" time="0.000"/>
  <system-out/>
  <testcase classname="cs.ing.software.lab1.MainTest" name="Test08" time="0.000"/>
  <system-out/>
  <testcase classname="cs.ing.software.lab1.MainTest" name="Test08" time="0.006"/>
  <system-out/>
  <testcase classname="cs.ing.software.lab1.MainTest" name="Test08" time="0.000"/>
  <system-out/>
  <testcase classname="cs.ing.software.lab1.MainTest" name="Test08" time="0.001"/>
  <system-out/>
  <testcase classname="cs.ing.software.lab1.MainTest" name="Test08" time="0.000"/>
  <system-out/>
  <testcase classname="cs.ing.software.lab1.MainTest" name="Test08" time="0.000"/>
  <system-out/>
  <testcase classname="cs.ing.software.lab1.MainTest" name="Test08" time="0.000"/>
  <system-out/>
  <testcase classname="cs.ing.software.lab1.MainTest" name="Test08" time="0.001"/>
  <system-out/>
  <testcase classname="cs.ing.software.lab1.MainTest" name="Test08" time="0.110"/>
  <system-out/>
  <testcase classname="cs.ing.software.lab1.MainTest" name="Test08" time="0.000"/>
  <system-out/>
  <testcase classname="cs.ing.software.lab1.MainTest" name="Test08" time="0.000"/>
  <system-out/>
  <testcase classname="cs.ing.software.lab1.MainTest" name="Test08" time="0.000"/>
  <system-out/>
  <testcase classname="cs.ing.software.lab1.MainTest" name="Test08" time="0.001"/>
  <system-out/>
  <testcase classname="cs.ing.software.lab1.MainTest" name="Test08" time="0.002"/>
  <system-out/>
  <testcase classname="cs.ing.software.lab1.MainTest" name="Test08" time="0.001"/>
  <system-out/>
  <testcase classname="cs.ing.software.lab1.MainTest" name="Test08" time="0.001"/>
  <system-out/>
  <testcase classname="cs.ing.software.lab1.MainTest" name="Test08" time="0.000"/>
  <system-out/>
  <testcase classname="cs.ing.software.lab1.MainTest" name="Test08" time="0.001"/>
  <system-out/>
  <testcase classname="cs.ing.software.lab1.MainTest" name="Test08" time="0.000"/>
  <system-out/>
  <testcase classname="cs.ing.software.lab1.MainTest" name="Test08" time="0.000"/>
  <system-out/>
  <testcase classname="cs.ing.software.lab1.MainTest" name="Test08" time="0.000"/>
  <system-out/>
  <testcase classname="cs.ing.software.lab1.MainTest" name="Test08" time="0.001"/>
  <system-out/>
  <testcase classname="cs.ing.software.lab1.MainTest" name="Test08" time="0.000"/>
  <system-out/>
  <testcase classname="cs.ing.software.lab1.MainTest" name="Test08" time="0.000"/>
  <system-out/>
  <testcase classname="cs.ing.software.lab1.MainTest" name="Test08" time="0.012"/>
  <system-out/>
  <testcase classname="cs.ing.software.lab1.MainTest" name="Test08" time="0.014"/>
  <system-out/>
  <testcase classname="cs.ing.software.lab1.MainTest" name="Test08" time="0.011"/>
  <system-out/>
  <testcase classname="cs.ing.software.lab1.MainTest" name="Test08" time="0.000"/>
  <system-out/>
  <testcase classname="cs.ing.software.lab1.MainTest" name="Test08" time="0.000"/>
  <system-out/>
  <testcase classname="cs.ing.software.lab1.MainTest" name="Test08" time="0.000"/>
  <system-out/>
  <testcase classname="cs.ing.software.lab1.MainTest" name="Test08" time="0.000"/>
  <system-out/>
  <testcase classname="cs.ing.software.lab1.MainTest" name="Test08" time="0.000"/>
  <system-out/>
  <testcase classname="cs.ing.software.lab1.MainTest" name="Test08" time="0.000"/>
  <system-out/>
  <testcase classname="cs.ing.software.lab1.MainTest" name="Test08" time="0.004"/>
  <system-out/>
  <testcase classname="cs.ing.software.lab1.MainTest" name="Test08" time="0.000"/>
  <system-out/>
  <testcase classname="cs.ing.software.lab1.MainTest" name="Test08" time="0.001"/>
  <system-out/>
  <testcase classname="cs.ing.software.lab1.MainTest" name="Test08" time="0.000"/>
  <system-out/>
  <testcase classname="cs.ing.software.lab1.MainTest" name="Test08" time="0.000"/>
  <system-out/>
  <testcase classname="cs.ing.software.lab1.MainTest" name="Test08" time="0.000"/>
  <system-out/>
  <testcase classname="cs.ing.software.lab1.MainTest" name="Test01" time="0.027"/>
  <system-out/>
  <testcase classname="cs.ing.software.lab1.MainTest" name="Test08" time="0.000"/>
  <system-out/>
  <testcase classname="cs.ing.software.lab1.MainTest" name="Test08" time="0.000"/>
  <system-out/>
  <testcase classname="cs.ing.software.lab1.MainTest" name="Test08" time="0.007"/>
  <system-out/>
  <testcase classname="cs.ing.software.lab1.MainTest" name="Test08" time="0.115"/>
  <system-out/>
  <testcase classname="cs.ing.software.lab1.MainTest" name="Test08" time="0.062"/>
  <system-out/>
  <testcase classname="cs.ing.software.lab1.MainTest" name="Test08" time="0.000"/>
  <system-out/>
  <testcase classname="cs.ing.software.lab1.MainTest" name="Test08" time="0.000"/>
  <system-out/>
  <testcase classname="cs.ing.software.lab1.MainTest" name="Test08" time="0.000"/>
  <system-out/>
  <testcase classname="cs.ing.software.lab1.MainTest" name="Test08" time="0.000"/>
  <system-out/>
  <testcase classname="cs.ing.software.lab1.MainTest" name="Test08" time="0.000"/>
  <system-out/>
  <testcase classname="cs.ing.software.lab1.MainTest" name="Test08" time="0.000"/>
  <system-out/>
  <testcase classname="cs.ing.software.lab1.MainTest" name="Test08" time="0.067"/>
  <system-out/>
  <testcase classname="cs.ing.software.lab1.MainTest" name="Test08" time="0.000"/>
  <system-out/>
  <testcase classname="cs.ing.software.lab1.MainTest" name="Test08" time="0.000"/>
  <system-out/>
  <testcase classname="cs.ing.software.lab1.MainTest" name="Test08" time="0.000"/>
  <system-out/>
  <testcase classname="cs.ing.software.lab1.MainTest" name="Test08" time="0.000"/>
  <system-out/>
  <testcase classname="cs.ing.software.lab1.MainTest" name="Test08" time="0.000"/>
  <system-out/>
  <testcase classname="cs.ing.software.lab1.MainTest" name="Test08" time="0.000"/>
  <system-out/>
  <testcase classname="cs.ing.software.lab1.MainTest" name="Test08" time="0.000"/>
  <system-out/>
  <testcase classname="cs.ing.software.lab1.MainTest" name="Test08" time="0.041"/>
  <system-out/>
  <testcase classname="cs.ing.software.lab1.MainTest" name="Test08" time="0.001"/>
  <system-out/>
  <testcase classname="cs.ing.software.lab1.MainTest" name="Test08" time="0.001"/>
  <system-out/>
  <testcase classname="cs.ing.software.lab1.MainTest" name="Test08" time="0.000"/>
  <system-out/>
  <testcase classname="cs.ing.software.lab1.MainTest" name="Test08" time="0.001"/>
  <system-out/>
  <testcase classname="cs.ing.software.lab1.MainTest" name="Test08" time="0.000"/>
  <system-out/>
  <testcase classname="cs.ing.software.lab1.MainTest" name="Test08" time="0.001"/>
  <system-out/>
  <testcase classname="cs.ing.software.lab1.MainTest" name="Test08" time="0.013"/>
  <system-out/>
  <testcase classname="cs.ing.software.lab1.MainTest" name="Test08" time="0.001"/>
  <system-out/>
  <testcase classname="cs.ing.software.lab1.MainTest" name="Test08" time="0.000"/>
  <system-out/>
  <testcase classname="cs.ing.software.lab1.MainTest" name="Test08" time="0.000"/>
  <system-out/>
  <testcase classname="cs.ing.software.lab1.MainTest" name="Test08" time="0.000"/>
  <system-out/>
  <testcase classname="cs.ing.software.lab1.MainTest" name="Test08" time="0.005"/>
  <system-out/>
  <testcase classname="cs.ing.software.lab1.MainTest" name="Test08" time="0.000"/>
  <system-out/>
  <testcase classname="cs.ing.software.lab1.MainTest" name="Test08" time="0.000"/>
  <system-out/>
  <testcase classname="cs.ing.software.lab1.MainTest" name="Test08" time="0.071"/>
  <system-out/>
  <testcase classname="cs.ing.software.lab1.MainTest" name="Test08" time="0.000"/>
  <system-out/>
  <testcase classname="cs.ing.software.lab1.MainTest" name="Test08" time="0.000"/>
  <system-out/>
  <testcase classname="cs.ing.software.lab1.MainTest" name="Test08" time="0.000"/>
  <system-out/>
  <testcase classname="cs.ing.software.lab1.MainTest" name="Test08" time="0.000"/>
  <system-out/>
  <testcase classname="cs.ing.software.lab1.MainTest" name="Test08" time="0.000"/>
  <system-out/>
  <testcase classname="cs.ing.software.lab1.MainTest" name="Test08" time="0.001"/>
  <system-out/>
  <testcase classname="cs.ing.software.lab1.MainTest" name="Test08" time="0.000"/>
  <system-out/>
  <testcase classname="cs.ing.software.lab1.MainTest" name="Test08" time="0.000"/>
  <system-out/>
  <testcase classname="cs.ing.software.lab1.MainTest" name="Test08" time="0.000"/>
  <system-out/>
  <testcase classname="cs.ing.software.lab1.MainTest" name="Test08" time="0.000"/>
  <system-out/>
  <testcase classname="cs.ing.software.lab1.MainTest" name="Test08" time="0.000"/>
  <system-out/>
  <testcase classname="cs.ing.software.lab1.MainTest" name="Test08" time="0.000"/>
  <system-out/>
  <testcase classname="cs.ing.software.lab1.MainTest" name="Test08" time="0.000"/>
  <system-out/>
  <testcase classname="cs.ing.software.lab1.MainTest" name="Test08" time="0.007"/>
  <system-out/>
  <testcase classname="cs.ing.software.lab1.MainTest" name="Test08" time="0.000"/>
  <system-out/>
  <testcase classname="cs.ing.software.lab1.MainTest" name="Test08" time="0.000"/>
  <system-out/>
  <testcase classname="cs.ing.software.lab1.MainTest" name="Test08" time="0.000"/>
  <system-out/>
  <testcase classname="cs.ing.software.lab1.MainTest" name="Test08" time="0.022"/>
  <system-out/>
  <testcase classname="cs.ing.software.lab1.MainTest" name="Test08" time="0.000"/>
  <system-out/>
  <testcase classname="cs.ing.software.lab1.MainTest" name="Test08" time="0.062"/>
  <system-out/>
  <testcase classname="cs.ing.software.lab1.MainTest" name="Test08" time="0.000"/>
  <system-out/>
  <testcase classname="cs.ing.software.lab1.MainTest" name="Test08" time="0.000"/>
  <system-out/>
  <testcase classname="cs.ing.software.lab1.MainTest" name="Test08" time="0.000"/>
  <system-out/>
  <testcase classname="cs.ing.software.lab1.MainTest" name="Test08" time="0.015"/>
  <system-out/>
  <testcase classname="cs.ing.software.lab1.MainTest" name="Test08" time="0.000"/>
  <system-out/>
  <testcase classname="cs.ing.software.lab1.MainTest" name="Test08" time="0.001"/>
  <system-out/>
  <testcase classname="cs.ing.software.lab1.MainTest" name="Test08" time="0.021"/>
  <system-out/>
  <testcase classname="cs.ing.software.lab1.MainTest" name="Test08" time="0.033"/>
  <system-out/>
  <testcase classname="cs.ing.software.lab1.MainTest" name="Test08" time="0.065"/>
  <system-out/>
  <testcase classname="cs.ing.software.lab1.MainTest" name="Test08" time="0.000"/>
  <system-out/>
  <testcase classname="cs.ing.software.lab1.MainTest" name="Test08" time="0.000"/>
  <system-out/>
  <testcase classname="cs.ing.software.lab1.MainTest" name="Test08" time="0.083"/>
  <system-out/>
  <testcase classname="cs.ing.software.lab1.MainTest" name="Test08" time="0.001"/>
  <system-out/>
  <testcase classname="cs.ing.software.lab1.MainTest" name="Test08" time="0.007"/>
  <system-out/>
  <testcase classname="cs.ing.software.lab1.MainTest" name="Test08" time="0.001"/>
  <system-out/>
  <testcase classname="cs.ing.software.lab1.MainTest" name="Test08" time="0.000"/>
  <system-out/>
  <testcase classname="cs.ing.software.lab1.MainTest" name="Test08" time="0.001"/>
  <system-out/>
  <testcase classname="cs.ing.software.lab1.MainTest" name="Test08" time="0.000"/>
  <system-out/>
  <testcase classname="cs.ing.software.lab1.MainTest" name="Test08" time="0.030"/>
  <system-out/>
  <testcase classname="cs.ing.software.lab1.MainTest" name="Test08" time="0.000"/>
  <system-out/>
  <testcase classname="cs.ing.software.lab1.MainTest" name="Test08" time="0.000"/>
  <system-out/>
  <testcase classname="cs.ing.software.lab1.MainTest" name="Test08" time="0.113"/>
  <system-out/>
  <testcase classname="cs.ing.software.lab1.MainTest" name="Test08" time="0.000"/>
  <system-out/>
  <testcase classname="cs.ing.software.lab1.MainTest" name="Test08" time="0.004"/>
  <system-out/>
  <testcase classname="cs.ing.software.lab1.MainTest" name="Test08" time="0.001"/>
  <system-out/>
  <testcase classname="cs.ing.software.lab1.MainTest" name="Test08" time="0.021"/>
  <system-out/>
  <testcase classname="cs.ing.software.lab1.MainTest" name="Test08" time="0.000"/>
  <system-out/>
  <testcase classname="cs.ing.software.lab1.MainTest" name="Test08" time="0.001"/>
  <system-out/>
  <testcase classname="cs.ing.software.lab1.MainTest" name="Test08" time="0.000"/>
  <system-out/>
  <testcase classname="cs.ing.software.lab1.MainTest" name="Test08" time="0.000"/>
  <system-out/>
  <testcase classname="cs.ing.software.lab1.MainTest" name="Test08" time="0.000"/>
  <system-out/>
  <testcase classname="cs.ing.software.lab1.MainTest" name="Test08" time="0.001"/>
  <system-out/>
  <testcase classname="cs.ing.software.lab1.MainTest" name="Test08" time="0.000"/>
  <system-out/>
  <testcase classname="cs.ing.software.lab1.MainTest" name="Test08" time="0.000"/>
  <system-out/>
  <testcase classname="cs.ing.software.lab1.MainTest" name="Test08" time="0.000"/>
  <system-out/>
  <testcase classname="cs.ing.software.lab1.MainTest" name="Test08" time="0.000"/>
  <system-out/>
  <testcase classname="cs.ing.software.lab1.MainTest" name="Test08" time="0.003"/>
  <system-out/>
  <testcase classname="cs.ing.software.lab1.MainTest" name="Test08" time="0.003"/>
  <system-out/>
  <testcase classname="cs.ing.software.lab1.MainTest" name="Test08" time="0.000"/>
  <system-out/>
  <testcase classname="cs.ing.software.lab1.MainTest" name="Test08" time="0.001"/>
  <system-out/>
  <testcase classname="cs.ing.software.lab1.MainTest" name="Test08" time="0.000"/>
  <system-out/>
  <testcase classname="cs.ing.software.lab1.MainTest" name="Test08" time="0.000"/>
  <system-out/>
  <testcase classname="cs.ing.software.lab1.MainTest" name="Test08" time="0.000"/>
  <system-out/>
  <testcase classname="cs.ing.software.lab1.MainTest" name="Test08" time="0.001"/>
  <system-out/>
  <testcase classname="cs.ing.software.lab1.MainTest" name="Test08" time="0.032"/>
  <system-out/>
  <testcase classname="cs.ing.software.lab1.MainTest" name="Test06" time="0.000"/>
  <system-out/>
  <testcase classname="cs.ing.software.lab1.MainTest" name="Test08" time="0.000"/>
  <system-out/>
  <testcase classname="cs.ing.software.lab1.MainTest" name="Test08" time="0.000"/>
  <system-out/>
  <testcase classname="cs.ing.software.lab1.MainTest" name="Test08" time="0.000"/>
  <system-out/>
  <testcase classname="cs.ing.software.lab1.MainTest" name="Test08" time="0.001"/>
  <system-out/>
  <testcase classname="cs.ing.software.lab1.MainTest" name="Test08" time="0.000"/>
  <system-out/>
  <testcase classname="cs.ing.software.lab1.MainTest" name="Test08" time="0.031"/>
  <system-out/>
  <testcase classname="cs.ing.software.lab1.MainTest" name="Test08" time="0.000"/>
  <system-out/>
  <testcase classname="cs.ing.software.lab1.MainTest" name="Test08" time="0.000"/>
  <system-out/>
  <testcase classname="cs.ing.software.lab1.MainTest" name="Test08" time="0.062"/>
  <system-out/>
  <testcase classname="cs.ing.software.lab1.MainTest" name="Test08" time="0.016"/>
  <system-out/>
  <testcase classname="cs.ing.software.lab1.MainTest" name="Test08" time="0.002"/>
  <system-out/>
  <testcase classname="cs.ing.software.lab1.MainTest" name="Test08" time="0.000"/>
  <system-out/>
  <testcase classname="cs.ing.software.lab1.MainTest" name="Test08" time="0.000"/>
  <system-out/>
  <testcase classname="cs.ing.software.lab1.MainTest" name="Test08" time="0.000"/>
  <system-out/>
  <testcase classname="cs.ing.software.lab1.MainTest" name="Test08" time="0.000"/>
  <system-out/>
  <testcase classname="cs.ing.software.lab1.MainTest" name="Test08" time="0.003"/>
  <system-out/>
  <testcase classname="cs.ing.software.lab1.MainTest" name="Test08" time="0.001"/>
  <system-out/>
  <testcase classname="cs.ing.software.lab1.MainTest" name="Test08" time="0.000"/>
  <system-out/>
  <testcase classname="cs.ing.software.lab1.MainTest" name="Test08" time="0.038"/>
  <system-out/>
  <testcase classname="cs.ing.software.lab1.MainTest" name="Test08" time="0.000"/>
  <system-out/>
  <testcase classname="cs.ing.software.lab1.MainTest" name="Test08" time="0.000"/>
  <system-out/>
  <testcase classname="cs.ing.software.lab1.MainTest" name="Test08" time="0.100"/>
  <system-out/>
  <testcase classname="cs.ing.software.lab1.MainTest" name="Test08" time="0.001"/>
  <system-out/>
  <testcase classname="cs.ing.software.lab1.MainTest" name="Test08" time="0.002"/>
  <system-out/>
  <testcase classname="cs.ing.software.lab1.MainTest" name="Test08" time="0.000"/>
  <system-out/>
  <testcase classname="cs.ing.software.lab1.MainTest" name="Test08" time="0.000"/>
  <system-out/>
  <testcase classname="cs.ing.software.lab1.MainTest" name="Test08" time="0.000"/>
  <system-out/>
  <testcase classname="cs.ing.software.lab1.MainTest" name="Test08" time="0.000"/>
  <system-out/>
  <testcase classname="cs.ing.software.lab1.MainTest" name="Test08" time="0.000"/>
  <system-out/>
  <testcase classname="cs.ing.software.lab1.MainTest" name="Test08" time="0.001"/>
  <system-out/>
  <testcase classname="cs.ing.software.lab1.MainTest" name="Test08" time="0.001"/>
  <system-out/>
  <testcase classname="cs.ing.software.lab1.MainTest" name="Test08" time="0.000"/>
  <system-out/>
  <testcase classname="cs.ing.software.lab1.MainTest" name="Test08" time="0.001"/>
  <system-out/>
  <testcase classname="cs.ing.software.lab1.MainTest" name="Test08" time="0.000"/>
  <system-out/>
  <testcase classname="cs.ing.software.lab1.MainTest" name="Test08" time="0.000"/>
  <system-out/>
  <testcase classname="cs.ing.software.lab1.MainTest" name="Test08" time="0.000"/>
  <system-out/>
  <testcase classname="cs.ing.software.lab1.MainTest" name="Test08" time="0.045"/>
  <system-out/>
  <testcase classname="cs.ing.software.lab1.MainTest" name="Test08" time="0.000"/>
  <system-out/>
  <testcase classname="cs.ing.software.lab1.MainTest" name="Test08" time="0.000"/>
  <system-out/>
  <testcase classname="cs.ing.software.lab1.MainTest" name="Test08" time="0.045"/>
  <system-out/>
  <testcase classname="cs.ing.software.lab1.MainTest" name="Test08" time="0.000"/>
  <system-out/>
  <testcase classname="cs.ing.software.lab1.MainTest" name="Test08" time="0.000"/>
  <system-out/>
  <testcase classname="cs.ing.software.lab1.MainTest" name="Test08" time="0.050"/>
  <system-out/>
  <testcase classname="cs.ing.software.lab1.MainTest" name="Test08" time="0.000"/>
  <system-out/>
  <testcase classname="cs.ing.software.lab1.MainTest" name="Test08" time="0.000"/>
  <system-out/>
  <testcase classname="cs.ing.software.lab1.MainTest" name="Test08" time="0.015"/>
  <system-out/>
  <testcase classname="cs.ing.software.lab1.MainTest" name="Test08" time="0.000"/>
  <system-out/>
  <testcase classname="cs.ing.software.lab1.MainTest" name="Test08" time="0.000"/>
  <system-out/>
  <testcase classname="cs.ing.software.lab1.MainTest" name="Test08" time="0.000"/>
  <system-out/>
  <testcase classname="cs.ing.software.lab1.MainTest" name="Test08" time="0.000"/>
  <system-out/>
  <testcase classname="cs.ing.software.lab1.MainTest" name="Test08" time="0.001"/>
  <system-out/>
  <testcase classname="cs.ing.software.lab1.MainTest" name="Test08" time="0.001"/>
  <system-out/>
  <testcase classname="cs.ing.software.lab1.MainTest" name="Test08" time="0.000"/>
  <system-out/>
  <testcase classname="cs.ing.software.lab1.MainTest" name="Test08" time="0.000"/>
  <system-out/>
  <testcase classname="cs.ing.software.lab1.MainTest" name="Test08" time="0.000"/>
  <system-out/>
  <testcase classname="cs.ing.software.lab1.MainTest" name="Test08" time="0.000"/>
  <system-out/>
  <testcase classname="cs.ing.software.lab1.MainTest" name="Test08" time="0.000"/>
  <system-out/>
  <testcase classname="cs.ing.software.lab1.MainTest" name="Test08" time="0.004"/>
  <system-out/>
  <testcase classname="cs.ing.software.lab1.MainTest" name="Test08" time="0.000"/>
  <system-out/>
  <testcase classname="cs.ing.software.lab1.MainTest" name="Test08" time="0.020"/>
  <system-out/>
  <testcase classname="cs.ing.software.lab1.MainTest" name="Test08" time="0.000"/>
  <system-out/>
  <testcase classname="cs.ing.software.lab1.MainTest" name="Test08" time="0.000"/>
  <system-out/>
  <testcase classname="cs.ing.software.lab1.MainTest" name="Test08" time="0.000"/>
  <system-out/>
  <testcase classname="cs.ing.software.lab1.MainTest" name="Test08" time="0.000"/>
  <system-out/>
  <testcase classname="cs.ing.software.lab1.MainTest" name="Test08" time="0.001"/>
  <system-out/>
  <testcase classname="cs.ing.software.lab1.MainTest" name="Test08" time="0.018"/>
  <system-out/>
  <testcase classname="cs.ing.software.lab1.MainTest" name="Test08" time="0.000"/>
  <system-out/>
  <testcase classname="cs.ing.software.lab1.MainTest" name="Test08" time="0.070"/>
  <system-out/>
  <testcase classname="cs.ing.software.lab1.MainTest" name="Test08" time="0.002"/>
  <system-out/>
  <testcase classname="cs.ing.software.lab1.MainTest" name="Test08" time="0.067"/>
  <system-out/>
  <testcase classname="cs.ing.software.lab1.MainTest" name="Test08" time="0.000"/>
  <system-out/>
  <testcase classname="cs.ing.software.lab1.MainTest" name="Test08" time="0.063"/>
  <system-out/>
  <testcase classname="cs.ing.software.lab1.MainTest" name="Test08" time="0.000"/>
  <system-out/>
  <testcase classname="cs.ing.software.lab1.MainTest" name="Test08" time="0.000"/>
  <system-out/>
  <testcase classname="cs.ing.software.lab1.MainTest" name="Test08" time="0.001"/>
  <system-out/>
  <testcase classname="cs.ing.software.lab1.MainTest" name="Test08" time="0.000"/>
  <system-out/>
  <testcase classname="cs.ing.software.lab1.MainTest" name="Test08" time="0.000"/>
  <system-out/>
  <testcase classname="cs.ing.software.lab1.MainTest" name="Test08" time="0.003"/>
  <system-out/>
  <testcase classname="cs.ing.software.lab1.MainTest" name="Test08" time="0.000"/>
  <system-out/>
  <testcase classname="cs.ing.software.lab1.MainTest" name="Test08" time="0.107"/>
  <system-out/>
  <testcase classname="cs.ing.software.lab1.MainTest" name="Test08" time="0.001"/>
  <system-out/>
  <testcase classname="cs.ing.software.lab1.MainTest" name="Test08" time="0.000"/>
  <system-out/>
  <testcase classname="cs.ing.software.lab1.MainTest" name="Test08" time="0.008"/>
  <system-out/>
  <testcase classname="cs.ing.software.lab1.MainTest" name="Test08" time="0.003"/>
  <system-out/>
  <testcase classname="cs.ing.software.lab1.MainTest" name="Test08" time="0.000"/>
  <system-out/>
  <testcase classname="cs.ing.software.lab1.MainTest" name="Test08" time="0.000"/>
  <system-out/>
  <testcase classname="cs.ing.software.lab1.MainTest" name="Test08" time="0.000"/>
  <system-out/>
  <testcase classname="cs.ing.software.lab1.MainTest" name="Test08" time="0.000"/>
  <system-out/>
  <testcase classname="cs.ing.software.lab1.MainTest" name="Test08" time="0.000"/>
  <system-out/>
  <testcase classname="cs.ing.software.lab1.MainTest" name="Test08" time="0.087"/>
  <system-out/>
  <testcase classname="cs.ing.software.lab1.MainTest" name="Test08" time="0.063"/>
  <system-out/>
  <testcase classname="cs.ing.software.lab1.MainTest" name="Test08" time="0.003"/>
  <system-out/>
  <testcase classname="cs.ing.software.lab1.MainTest" name="Test08" time="0.032"/>
  <system-out/>
  <testcase classname="cs.ing.software.lab1.MainTest" name="Test08" time="0.009"/>
  <system-out/>
  <testcase classname="cs.ing.software.lab1.MainTest" name="Test08" time="0.001"/>
  <system-out/>
  <testcase classname="cs.ing.software.lab1.MainTest" name="Test08" time="0.001"/>
  <system-out/>
  <testcase classname="cs.ing.software.lab1.MainTest" name="Test08" time="0.079"/>
  <system-out/>
  <testcase classname="cs.ing.software.lab1.MainTest" name="Test08" time="0.000"/>
  <system-out/>
  <testcase classname="cs.ing.software.lab1.MainTest" name="Test08" time="0.000"/>
  <system-out/>
  <testcase classname="cs.ing.software.lab1.MainTest" name="Test08" time="0.000"/>
  <system-out/>
  <testcase classname="cs.ing.software.lab1.MainTest" name="Test08" time="0.000"/>
  <system-out/>
  <testcase classname="cs.ing.software.lab1.MainTest" name="Test08" time="0.000"/>
  <system-out/>
  <testcase classname="cs.ing.software.lab1.MainTest" name="Test08" time="0.018"/>
  <system-out/>
  <testcase classname="cs.ing.software.lab1.MainTest" name="Test08" time="0.001"/>
  <system-out/>
  <testcase classname="cs.ing.software.lab1.MainTest" name="Test08" time="0.000"/>
  <system-out/>
  <testcase classname="cs.ing.software.lab1.MainTest" name="Test08" time="0.000"/>
  <system-out/>
  <testcase classname="cs.ing.software.lab1.MainTest" name="Test08" time="0.076"/>
  <system-out/>
  <testcase classname="cs.ing.software.lab1.MainTest" name="Test08" time="0.006"/>
  <system-out/>
  <testcase classname="cs.ing.software.lab1.MainTest" name="Test08" time="0.086"/>
  <system-out/>
  <testcase classname="cs.ing.software.lab1.MainTest" name="Test08" time="0.000"/>
  <system-out/>
  <testcase classname="cs.ing.software.lab1.MainTest" name="Test08" time="0.000"/>
  <system-out/>
  <testcase classname="cs.ing.software.lab1.MainTest" name="Test08" time="0.066"/>
  <system-out/>
  <testcase classname="cs.ing.software.lab1.MainTest" name="Test08" time="0.000"/>
  <system-out/>
  <testcase classname="cs.ing.software.lab1.MainTest" name="Test08" time="0.008"/>
  <system-out/>
  <testcase classname="cs.ing.software.lab1.MainTest" name="Test08" time="0.000"/>
  <system-out/>
  <testcase classname="cs.ing.software.lab1.MainTest" name="Test08" time="0.000"/>
  <system-out/>
  <testcase classname="cs.ing.software.lab1.MainTest" name="Test08" time="0.001"/>
  <system-out/>
  <testcase classname="cs.ing.software.lab1.MainTest" name="Test08" time="0.000"/>
  <system-out/>
  <testcase classname="cs.ing.software.lab1.MainTest" name="Test08" time="0.000"/>
  <system-out/>
  <testcase classname="cs.ing.software.lab1.MainTest" name="Test08" time="0.001"/>
  <system-out/>
  <testcase classname="cs.ing.software.lab1.MainTest" name="Test08" time="0.001"/>
  <system-out/>
  <testcase classname="cs.ing.software.lab1.MainTest" name="Test08" time="0.001"/>
  <system-out/>
  <testcase classname="cs.ing.software.lab1.MainTest" name="Test08" time="0.103"/>
  <system-out/>
  <testcase classname="cs.ing.software.lab1.MainTest" name="Test08" time="0.000"/>
  <system-out/>
  <testcase classname="cs.ing.software.lab1.MainTest" name="Test08" time="0.001"/>
  <system-out/>
  <testcase classname="cs.ing.software.lab1.MainTest" name="Test08" time="0.001"/>
  <system-out/>
  <testcase classname="cs.ing.software.lab1.MainTest" name="Test08" time="0.000"/>
  <system-out/>
  <testcase classname="cs.ing.software.lab1.MainTest" name="Test08" time="0.000"/>
  <system-out/>
  <testcase classname="cs.ing.software.lab1.MainTest" name="Test08" time="0.000"/>
  <system-out/>
  <testcase classname="cs.ing.software.lab1.MainTest" name="Test08" time="0.001"/>
  <system-out/>
  <testcase classname="cs.ing.software.lab1.MainTest" name="Test08" time="0.001"/>
  <system-out/>
  <testcase classname="cs.ing.software.lab1.MainTest" name="Test08" time="0.042"/>
  <system-out/>
  <testcase classname="cs.ing.software.lab1.MainTest" name="Test08" time="0.000"/>
  <system-out/>
  <testcase classname="cs.ing.software.lab1.MainTest" name="Test08" time="0.003"/>
  <system-out/>
  <testcase classname="cs.ing.software.lab1.MainTest" name="Test08" time="0.000"/>
  <system-out/>
  <testcase classname="cs.ing.software.lab1.MainTest" name="Test08" time="0.000"/>
  <system-out/>
  <testcase classname="cs.ing.software.lab1.MainTest" name="Test08" time="0.000"/>
  <system-out/>
  <testcase classname="cs.ing.software.lab1.MainTest" name="Test08" time="0.001"/>
  <system-out/>
  <testcase classname="cs.ing.software.lab1.MainTest" name="Test08" time="0.061"/>
  <system-out/>
  <testcase classname="cs.ing.software.lab1.MainTest" name="Test08" time="0.007"/>
  <system-out/>
  <testcase classname="cs.ing.software.lab1.MainTest" name="Test08" time="0.001"/>
  <system-out/>
  <testcase classname="cs.ing.software.lab1.MainTest" name="Test08" time="0.000"/>
  <system-out/>
  <testcase classname="cs.ing.software.lab1.MainTest" name="Test08" time="0.000"/>
  <system-out/>
  <testcase classname="cs.ing.software.lab1.MainTest" name="Test08" time="0.000"/>
  <system-out/>
  <testcase classname="cs.ing.software.lab1.MainTest" name="Test08" time="0.001"/>
  <system-out/>
  <testcase classname="cs.ing.software.lab1.MainTest" name="Test08" time="0.000"/>
  <system-out/>
  <testcase classname="cs.ing.software.lab1.MainTest" name="Test08" time="0.000"/>
  <system-out/>
  <testcase classname="cs.ing.software.lab1.MainTest" name="Test08" time="0.000"/>
  <system-out/>
  <testcase classname="cs.ing.software.lab1.MainTest" name="Test08" time="0.000"/>
  <system-out/>
  <testcase classname="cs.ing.software.lab1.MainTest" name="Test08" time="0.000"/>
  <system-out/>
  <testcase classname="cs.ing.software.lab1.MainTest" name="Test08" time="0.013"/>
  <system-out/>
  <testcase classname="cs.ing.software.lab1.MainTest" name="Test08" time="0.000"/>
  <system-out/>
  <testcase classname="cs.ing.software.lab1.MainTest" name="Test08" time="0.012"/>
  <system-out/>
  <testcase classname="cs.ing.software.lab1.MainTest" name="Test08" time="0.000"/>
  <system-out/>
  <testcase classname="cs.ing.software.lab1.MainTest" name="Test08" time="0.000"/>
  <system-out/>
  <testcase classname="cs.ing.software.lab1.MainTest" name="Test08" time="0.000"/>
  <system-out/>
  <testcase classname="cs.ing.software.lab1.MainTest" name="Test08" time="0.000"/>
  <system-out/>
  <testcase classname="cs.ing.software.lab1.MainTest" name="Test08" time="0.000"/>
  <system-out/>
  <testcase classname="cs.ing.software.lab1.MainTest" name="Test08" time="0.058"/>
  <system-out/>
  <testcase classname="cs.ing.software.lab1.MainTest" name="Test08" time="0.001"/>
  <system-out/>
  <testcase classname="cs.ing.software.lab1.MainTest" name="Test08" time="0.001"/>
  <system-out/>
  <testcase classname="cs.ing.software.lab1.MainTest" name="Test08" time="0.000"/>
  <system-out/>
  <testcase classname="cs.ing.software.lab1.MainTest" name="Test08" time="0.000"/>
  <system-out/>
  <testcase classname="cs.ing.software.lab1.MainTest" name="Test08" time="0.002"/>
  <system-out/>
  <testcase classname="cs.ing.software.lab1.MainTest" name="Test08" time="0.000"/>
  <system-out/>
  <testcase classname="cs.ing.software.lab1.MainTest" name="Test08" time="0.000"/>
  <system-out/>
  <testcase classname="cs.ing.software.lab1.MainTest" name="Test08" time="0.065"/>
  <system-out/>
  <testcase classname="cs.ing.software.lab1.MainTest" name="Test08" time="0.000"/>
  <system-out/>
  <testcase classname="cs.ing.software.lab1.MainTest" name="Test08" time="0.058"/>
  <system-out/>
  <testcase classname="cs.ing.software.lab1.MainTest" name="Test08" time="0.001"/>
  <system-out/>
  <testcase classname="cs.ing.software.lab1.MainTest" name="Test08" time="0.001"/>
  <system-out/>
  <testcase classname="cs.ing.software.lab1.MainTest" name="Test08" time="0.000"/>
  <system-out/>
  <testcase classname="cs.ing.software.lab1.MainTest" name="Test08" time="0.000"/>
  <system-out/>
  <testcase classname="cs.ing.software.lab1.MainTest" name="Test08" time="0.000"/>
  <system-out/>
  <testcase classname="cs.ing.software.lab1.MainTest" name="Test08" time="0.000"/>
  <system-out/>
  <testcase classname="cs.ing.software.lab1.MainTest" name="Test08" time="0.000"/>
  <system-out/>
  <testcase classname="cs.ing.software.lab1.MainTest" name="Test08" time="0.004"/>
  <system-out/>
  <testcase classname="cs.ing.software.lab1.MainTest" name="Test08" time="0.000"/>
  <system-out/>
  <testcase classname="cs.ing.software.lab1.MainTest" name="Test08" time="0.003"/>
  <system-out/>
  <testcase classname="cs.ing.software.lab1.MainTest" name="Test08" time="0.066"/>
  <system-out/>
  <testcase classname="cs.ing.software.lab1.MainTest" name="Test08" time="0.000"/>
  <system-out/>
  <testcase classname="cs.ing.software.lab1.MainTest" name="Test08" time="0.052"/>
  <system-out/>
  <testcase classname="cs.ing.software.lab1.MainTest" name="Test08" time="0.000"/>
  <system-out/>
  <testcase classname="cs.ing.software.lab1.MainTest" name="Test08" time="0.000"/>
  <system-out/>
  <testcase classname="cs.ing.software.lab1.MainTest" name="Test08" time="0.000"/>
  <system-out/>
  <testcase classname="cs.ing.software.lab1.MainTest" name="Test08" time="0.000"/>
  <system-out/>
  <testcase classname="cs.ing.software.lab1.MainTest" name="Test08" time="0.000"/>
  <system-out/>
  <testcase classname="cs.ing.software.lab1.MainTest" name="Test08" time="0.001"/>
  <system-out/>
  <testcase classname="cs.ing.software.lab1.MainTest" name="Test08" time="0.000"/>
  <system-out/>
  <testcase classname="cs.ing.software.lab1.MainTest" name="Test08" time="0.000"/>
  <system-out/>
  <testcase classname="cs.ing.software.lab1.MainTest" name="Test08" time="0.000"/>
  <system-out/>
  <testcase classname="cs.ing.software.lab1.MainTest" name="Test08" time="0.093"/>
  <system-out/>
  <testcase classname="cs.ing.software.lab1.MainTest" name="Test08" time="0.052"/>
  <system-out/>
  <testcase classname="cs.ing.software.lab1.MainTest" name="Test08" time="0.001"/>
  <system-out/>
  <testcase classname="cs.ing.software.lab1.MainTest" name="Test08" time="0.000"/>
  <system-out/>
  <testcase classname="cs.ing.software.lab1.MainTest" name="Test08" time="0.001"/>
  <system-out/>
  <testcase classname="cs.ing.software.lab1.MainTest" name="Test08" time="0.006"/>
  <system-out/>
  <testcase classname="cs.ing.software.lab1.MainTest" name="Test08" time="0.001"/>
  <system-out/>
  <testcase classname="cs.ing.software.lab1.MainTest" name="Test08" time="0.000"/>
  <system-out/>
  <testcase classname="cs.ing.software.lab1.MainTest" name="Test08" time="0.000"/>
  <system-out/>
  <testcase classname="cs.ing.software.lab1.MainTest" name="Test08" time="0.001"/>
  <system-out/>
  <testcase classname="cs.ing.software.lab1.MainTest" name="Test08" time="0.001"/>
  <system-out/>
  <testcase classname="cs.ing.software.lab1.MainTest" name="Test08" time="0.110"/>
  <system-out/>
  <testcase classname="cs.ing.software.lab1.MainTest" name="Test08" time="0.001"/>
  <system-out/>
  <testcase classname="cs.ing.software.lab1.MainTest" name="Test08" time="0.000"/>
  <system-out/>
  <testcase classname="cs.ing.software.lab1.MainTest" name="Test08" time="0.001"/>
  <system-out/>
  <testcase classname="cs.ing.software.lab1.MainTest" name="Test08" time="0.001"/>
  <system-out/>
  <testcase classname="cs.ing.software.lab1.MainTest" name="Test08" time="0.060"/>
  <system-out/>
  <testcase classname="cs.ing.software.lab1.MainTest" name="Test08" time="0.000"/>
  <system-out/>
  <testcase classname="cs.ing.software.lab1.MainTest" name="Test08" time="0.000"/>
  <system-out/>
  <testcase classname="cs.ing.software.lab1.MainTest" name="Test08" time="0.000"/>
  <system-out/>
  <testcase classname="cs.ing.software.lab1.MainTest" name="Test08" time="0.000"/>
  <system-out/>
  <testcase classname="cs.ing.software.lab1.MainTest" name="Test08" time="0.000"/>
  <system-out/>
  <testcase classname="cs.ing.software.lab1.MainTest" name="Test08" time="0.001"/>
  <system-out/>
  <testcase classname="cs.ing.software.lab1.MainTest" name="Test08" time="0.007"/>
  <system-out/>
  <testcase classname="cs.ing.software.lab1.MainTest" name="Test08" time="0.005"/>
  <system-out/>
  <testcase classname="cs.ing.software.lab1.MainTest" name="Test08" time="0.000"/>
  <system-out/>
  <testcase classname="cs.ing.software.lab1.MainTest" name="Test08" time="0.016"/>
  <system-out/>
  <testcase classname="cs.ing.software.lab1.MainTest" name="Test08" time="0.016"/>
  <system-out/>
  <testcase classname="cs.ing.software.lab1.MainTest" name="Test08" time="0.000"/>
  <system-out/>
  <testcase classname="cs.ing.software.lab1.MainTest" name="Test08" time="0.017"/>
  <system-out/>
  <testcase classname="cs.ing.software.lab1.MainTest" name="Test08" time="0.006"/>
  <system-out/>
  <testcase classname="cs.ing.software.lab1.MainTest" name="Test08" time="0.000"/>
  <system-out/>
  <testcase classname="cs.ing.software.lab1.MainTest" name="Test08" time="0.001"/>
  <system-out/>
  <testcase classname="cs.ing.software.lab1.MainTest" name="Test08" time="0.000"/>
  <system-out/>
  <testcase classname="cs.ing.software.lab1.MainTest" name="Test08" time="0.000"/>
  <system-out/>
  <testcase classname="cs.ing.software.lab1.MainTest" name="Test08" time="0.088"/>
  <system-out/>
  <testcase classname="cs.ing.software.lab1.MainTest" name="Test08" time="0.060"/>
  <system-out/>
  <testcase classname="cs.ing.software.lab1.MainTest" name="Test08" time="0.004"/>
  <system-out/>
  <testcase classname="cs.ing.software.lab1.MainTest" name="Test08" time="0.004"/>
  <system-out/>
  <testcase classname="cs.ing.software.lab1.MainTest" name="Test08" time="0.004"/>
  <system-out/>
  <testcase classname="cs.ing.software.lab1.MainTest" name="Test08" time="0.000"/>
  <system-out/>
  <testcase classname="cs.ing.software.lab1.MainTest" name="Test08" time="0.000"/>
  <system-out/>
  <testcase classname="cs.ing.software.lab1.MainTest" name="Test08" time="0.079"/>
  <system-out/>
  <testcase classname="cs.ing.software.lab1.MainTest" name="Test08" time="0.000"/>
  <system-out/>
  <testcase classname="cs.ing.software.lab1.MainTest" name="Test08" time="0.001"/>
  <system-out/>
  <testcase classname="cs.ing.software.lab1.MainTest" name="Test08" time="0.033"/>
  <system-out/>
  <testcase classname="cs.ing.software.lab1.MainTest" name="Test08" time="0.000"/>
  <system-out/>
  <testcase classname="cs.ing.software.lab1.MainTest" name="Test08" time="0.000"/>
  <system-out/>
  <testcase classname="cs.ing.software.lab1.MainTest" name="Test08" time="0.003"/>
  <system-out/>
  <testcase classname="cs.ing.software.lab1.MainTest" name="Test08" time="0.000"/>
  <system-out/>
  <testcase classname="cs.ing.software.lab1.MainTest" name="Test08" time="0.000"/>
  <system-out/>
  <testcase classname="cs.ing.software.lab1.MainTest" name="Test08" time="0.001"/>
  <system-out/>
  <testcase classname="cs.ing.software.lab1.MainTest" name="Test08" time="0.016"/>
  <system-out/>
  <testcase classname="cs.ing.software.lab1.MainTest" name="Test08" time="0.000"/>
  <system-out/>
  <testcase classname="cs.ing.software.lab1.MainTest" name="Test08" time="0.059"/>
  <system-out/>
  <testcase classname="cs.ing.software.lab1.MainTest" name="Test08" time="0.001"/>
  <system-out/>
  <testcase classname="cs.ing.software.lab1.MainTest" name="Test08" time="0.040"/>
  <system-out/>
  <testcase classname="cs.ing.software.lab1.MainTest" name="Test08" time="0.005"/>
  <system-out/>
  <testcase classname="cs.ing.software.lab1.MainTest" name="Test08" time="0.000"/>
  <system-out/>
  <testcase classname="cs.ing.software.lab1.MainTest" name="Test08" time="0.001"/>
  <system-out/>
  <testcase classname="cs.ing.software.lab1.MainTest" name="Test08" time="0.033"/>
  <system-out/>
  <testcase classname="cs.ing.software.lab1.MainTest" name="Test08" time="0.000"/>
  <system-out/>
  <testcase classname="cs.ing.software.lab1.MainTest" name="Test08" time="0.001"/>
  <system-out/>
  <testcase classname="cs.ing.software.lab1.MainTest" name="Test08" time="0.000"/>
  <system-out/>
  <testcase classname="cs.ing.software.lab1.MainTest" name="Test08" time="0.000"/>
  <system-out/>
  <testcase classname="cs.ing.software.lab1.MainTest" name="Test08" time="0.000"/>
  <system-out/>
  <testcase classname="cs.ing.software.lab1.MainTest" name="Test08" time="0.000"/>
  <system-out/>
  <testcase classname="cs.ing.software.lab1.MainTest" name="Test08" time="0.013"/>
  <system-out/>
  <testcase classname="cs.ing.software.lab1.MainTest" name="Test08" time="0.000"/>
  <system-out/>
  <testcase classname="cs.ing.software.lab1.MainTest" name="Test08" time="0.000"/>
  <system-out/>
  <testcase classname="cs.ing.software.lab1.MainTest" name="Test08" time="0.001"/>
  <system-out/>
  <testcase classname="cs.ing.software.lab1.MainTest" name="Test08" time="0.000"/>
  <system-out/>
  <testcase classname="cs.ing.software.lab1.MainTest" name="Test08" time="0.001"/>
  <system-out/>
  <testcase classname="cs.ing.software.lab1.MainTest" name="Test08" time="0.000"/>
  <system-out/>
  <testcase classname="cs.ing.software.lab1.MainTest" name="Test08" time="0.000"/>
  <system-out/>
  <testcase classname="cs.ing.software.lab1.MainTest" name="Test08" time="0.000"/>
  <system-out/>
  <testcase classname="cs.ing.software.lab1.MainTest" name="Test08" time="0.071"/>
  <system-out/>
  <testcase classname="cs.ing.software.lab1.MainTest" name="Test08" time="0.035"/>
  <system-out/>
  <testcase classname="cs.ing.software.lab1.MainTest" name="Test08" time="0.001"/>
  <system-out/>
  <testcase classname="cs.ing.software.lab1.MainTest" name="Test08" time="0.000"/>
  <system-out/>
  <testcase classname="cs.ing.software.lab1.MainTest" name="Test08" time="0.070"/>
  <system-out/>
  <testcase classname="cs.ing.software.lab1.MainTest" name="Test08" time="0.000"/>
  <system-out/>
  <testcase classname="cs.ing.software.lab1.MainTest" name="Test08" time="0.001"/>
  <system-out/>
  <testcase classname="cs.ing.software.lab1.MainTest" name="Test08" time="0.011"/>
  <system-out/>
  <testcase classname="cs.ing.software.lab1.MainTest" name="Test08" time="0.000"/>
  <system-out/>
  <testcase classname="cs.ing.software.lab1.MainTest" name="Test08" time="0.001"/>
  <system-out/>
  <testcase classname="cs.ing.software.lab1.MainTest" name="Test08" time="0.001"/>
  <system-out/>
  <testcase classname="cs.ing.software.lab1.MainTest" name="Test08" time="0.000"/>
  <system-out/>
  <testcase classname="cs.ing.software.lab1.MainTest" name="Test08" time="0.000"/>
  <system-out/>
  <testcase classname="cs.ing.software.lab1.MainTest" name="Test08" time="0.009"/>
  <system-out/>
  <testcase classname="cs.ing.software.lab1.MainTest" name="Test08" time="0.000"/>
  <system-out/>
  <testcase classname="cs.ing.software.lab1.MainTest" name="Test08" time="0.000"/>
  <system-out/>
  <testcase classname="cs.ing.software.lab1.MainTest" name="Test08" time="0.000"/>
  <system-out/>
  <testcase classname="cs.ing.software.lab1.MainTest" name="Test08" time="0.000"/>
  <system-out/>
  <testcase classname="cs.ing.software.lab1.MainTest" name="Test08" time="0.000"/>
  <system-out/>
  <testcase classname="cs.ing.software.lab1.MainTest" name="Test08" time="0.000"/>
  <system-out/>
  <testcase classname="cs.ing.software.lab1.MainTest" name="Test08" time="0.000"/>
  <system-out/>
  <testcase classname="cs.ing.software.lab1.MainTest" name="Test08" time="0.032"/>
  <system-out/>
  <testcase classname="cs.ing.software.lab1.MainTest" name="Test08" time="0.000"/>
  <system-out/>
  <testcase classname="cs.ing.software.lab1.MainTest" name="Test08" time="0.000"/>
  <system-out/>
  <testcase classname="cs.ing.software.lab1.MainTest" name="Test08" time="0.033"/>
  <system-out/>
  <testcase classname="cs.ing.software.lab1.MainTest" name="Test08" time="0.001"/>
  <system-out/>
  <testcase classname="cs.ing.software.lab1.MainTest" name="Test08" time="0.000"/>
  <system-out/>
  <testcase classname="cs.ing.software.lab1.MainTest" name="Test08" time="0.005"/>
  <system-out/>
  <testcase classname="cs.ing.software.lab1.MainTest" name="Test08" time="0.023"/>
  <system-out/>
  <testcase classname="cs.ing.software.lab1.MainTest" name="Test08" time="0.014"/>
  <system-out/>
  <testcase classname="cs.ing.software.lab1.MainTest" name="Test08" time="0.000"/>
  <system-out/>
  <testcase classname="cs.ing.software.lab1.MainTest" name="Test08" time="0.001"/>
  <system-out/>
  <testcase classname="cs.ing.software.lab1.MainTest" name="Test08" time="0.001"/>
  <system-out/>
  <testcase classname="cs.ing.software.lab1.MainTest" name="Test08" time="0.002"/>
  <system-out/>
  <testcase classname="cs.ing.software.lab1.MainTest" name="Test08" time="0.002"/>
  <system-out/>
  <testcase classname="cs.ing.software.lab1.MainTest" name="Test08" time="0.000"/>
  <system-out/>
  <testcase classname="cs.ing.software.lab1.MainTest" name="Test08" time="0.000"/>
  <system-out/>
  <testcase classname="cs.ing.software.lab1.MainTest" name="Test08" time="0.000"/>
  <system-out/>
  <testcase classname="cs.ing.software.lab1.MainTest" name="Test08" time="0.000"/>
  <system-out/>
  <testcase classname="cs.ing.software.lab1.MainTest" name="Test08" time="0.000"/>
  <system-out/>
  <testcase classname="cs.ing.software.lab1.MainTest" name="Test08" time="0.013"/>
  <system-out/>
  <testcase classname="cs.ing.software.lab1.MainTest" name="Test08" time="0.000"/>
  <system-out/>
  <testcase classname="cs.ing.software.lab1.MainTest" name="Test08" time="0.000"/>
  <system-out/>
  <testcase classname="cs.ing.software.lab1.MainTest" name="Test08" time="0.000"/>
  <system-out/>
  <testcase classname="cs.ing.software.lab1.MainTest" name="Test08" time="0.000"/>
  <system-out/>
  <testcase classname="cs.ing.software.lab1.MainTest" name="Test08" time="0.000"/>
  <system-out/>
  <testcase classname="cs.ing.software.lab1.MainTest" name="Test08" time="0.101"/>
  <system-out/>
  <testcase classname="cs.ing.software.lab1.MainTest" name="Test08" time="0.008"/>
  <system-out/>
  <testcase classname="cs.ing.software.lab1.MainTest" name="Test08" time="0.000"/>
  <system-out/>
  <testcase classname="cs.ing.software.lab1.MainTest" name="Test08" time="0.000"/>
  <system-out/>
  <testcase classname="cs.ing.software.lab1.MainTest" name="Test08" time="0.031"/>
  <system-out/>
  <testcase classname="cs.ing.software.lab1.MainTest" name="Test08" time="0.034"/>
  <system-out/>
  <testcase classname="cs.ing.software.lab1.MainTest" name="Test08" time="0.000"/>
  <system-out/>
  <testcase classname="cs.ing.software.lab1.MainTest" name="Test08" time="0.000"/>
  <system-out/>
  <testcase classname="cs.ing.software.lab1.MainTest" name="Test08" time="0.000"/>
  <system-out/>
  <testcase classname="cs.ing.software.lab1.MainTest" name="Test08" time="0.000"/>
  <system-out/>
  <testcase classname="cs.ing.software.lab1.MainTest" name="Test08" time="0.000"/>
  <system-out/>
  <testcase classname="cs.ing.software.lab1.MainTest" name="Test08" time="0.000"/>
  <system-out/>
  <testcase classname="cs.ing.software.lab1.MainTest" name="Test08" time="0.000"/>
  <system-out/>
  <testcase classname="cs.ing.software.lab1.MainTest" name="Test08" time="0.000"/>
  <system-out/>
  <testcase classname="cs.ing.software.lab1.MainTest" name="Test08" time="0.000"/>
  <system-out/>
  <testcase classname="cs.ing.software.lab1.MainTest" name="Test08" time="0.000"/>
  <system-out/>
  <testcase classname="cs.ing.software.lab1.MainTest" name="Test08" time="0.009"/>
  <system-out/>
  <testcase classname="cs.ing.software.lab1.MainTest" name="Test08" time="0.000"/>
  <system-out/>
  <testcase classname="cs.ing.software.lab1.MainTest" name="Test08" time="0.029"/>
  <system-out/>
  <testcase classname="cs.ing.software.lab1.MainTest" name="Test08" time="0.006"/>
  <system-out/>
  <testcase classname="cs.ing.software.lab1.MainTest" name="Test08" time="0.000"/>
  <system-out/>
  <testcase classname="cs.ing.software.lab1.MainTest" name="Test08" time="0.072"/>
  <system-out/>
  <testcase classname="cs.ing.software.lab1.MainTest" name="Test08" time="0.000"/>
  <system-out/>
  <testcase classname="cs.ing.software.lab1.MainTest" name="Test08" time="0.000"/>
  <system-out/>
  <testcase classname="cs.ing.software.lab1.MainTest" name="Test08" time="0.000"/>
  <system-out/>
  <testcase classname="cs.ing.software.lab1.MainTest" name="Test08" time="0.000"/>
  <system-out/>
  <testcase classname="cs.ing.software.lab1.MainTest" name="Test08" time="0.000"/>
  <system-out/>
  <testcase classname="cs.ing.software.lab1.MainTest" name="Test08" time="0.016"/>
  <system-out/>
  <testcase classname="cs.ing.software.lab1.MainTest" name="Test08" time="0.000"/>
  <system-out/>
  <testcase classname="cs.ing.software.lab1.MainTest" name="Test08" time="0.000"/>
  <system-out/>
  <testcase classname="cs.ing.software.lab1.MainTest" name="Test08" time="0.001"/>
  <system-out/>
  <testcase classname="cs.ing.software.lab1.MainTest" name="Test08" time="0.064"/>
  <system-out/>
  <testcase classname="cs.ing.software.lab1.MainTest" name="Test08" time="0.000"/>
  <system-out/>
  <testcase classname="cs.ing.software.lab1.MainTest" name="Test08" time="0.000"/>
  <system-out/>
  <testcase classname="cs.ing.software.lab1.MainTest" name="Test08" time="0.060"/>
  <system-out/>
  <testcase classname="cs.ing.software.lab1.MainTest" name="Test08" time="0.001"/>
  <system-out/>
  <testcase classname="cs.ing.software.lab1.MainTest" name="Test08" time="0.000"/>
  <system-out/>
  <testcase classname="cs.ing.software.lab1.MainTest" name="Test08" time="0.001"/>
  <system-out/>
  <testcase classname="cs.ing.software.lab1.MainTest" name="Test08" time="0.105"/>
  <system-out/>
  <testcase classname="cs.ing.software.lab1.MainTest" name="Test08" time="0.025"/>
  <system-out/>
  <testcase classname="cs.ing.software.lab1.MainTest" name="Test08" time="0.000"/>
  <system-out/>
  <testcase classname="cs.ing.software.lab1.MainTest" name="Test08" time="0.000"/>
  <system-out/>
  <testcase classname="cs.ing.software.lab1.MainTest" name="Test08" time="0.000"/>
  <system-out/>
  <testcase classname="cs.ing.software.lab1.MainTest" name="Test08" time="0.001"/>
  <system-out/>
  <testcase classname="cs.ing.software.lab1.MainTest" name="Test04" time="0.001"/>
  <system-out/>
  <testcase classname="cs.ing.software.lab1.MainTest" name="Test08" time="0.018"/>
  <system-out/>
  <testcase classname="cs.ing.software.lab1.MainTest" name="Test08" time="0.076"/>
  <system-out/>
  <testcase classname="cs.ing.software.lab1.MainTest" name="Test08" time="0.002"/>
  <system-out/>
  <testcase classname="cs.ing.software.lab1.MainTest" name="Test08" time="0.000"/>
  <system-out/>
  <testcase classname="cs.ing.software.lab1.MainTest" name="Test08" time="0.023"/>
  <system-out/>
  <testcase classname="cs.ing.software.lab1.MainTest" name="Test08" time="0.067"/>
  <system-out/>
  <testcase classname="cs.ing.software.lab1.MainTest" name="Test08" time="0.001"/>
  <system-out/>
  <testcase classname="cs.ing.software.lab1.MainTest" name="Test08" time="0.001"/>
  <system-out/>
  <testcase classname="cs.ing.software.lab1.MainTest" name="Test08" time="0.000"/>
  <system-out/>
  <testcase classname="cs.ing.software.lab1.MainTest" name="Test08" time="0.020"/>
  <system-out/>
  <testcase classname="cs.ing.software.lab1.MainTest" name="Test08" time="0.001"/>
  <system-out/>
  <testcase classname="cs.ing.software.lab1.MainTest" name="Test08" time="0.000"/>
  <system-out/>
  <testcase classname="cs.ing.software.lab1.MainTest" name="Test08" time="0.001"/>
  <system-out/>
  <testcase classname="cs.ing.software.lab1.MainTest" name="Test08" time="0.001"/>
  <system-out/>
  <testcase classname="cs.ing.software.lab1.MainTest" name="Test08" time="0.000"/>
  <system-out/>
  <testcase classname="cs.ing.software.lab1.MainTest" name="Test08" time="0.022"/>
  <system-out/>
  <testcase classname="cs.ing.software.lab1.MainTest" name="Test08" time="0.000"/>
  <system-out/>
  <testcase classname="cs.ing.software.lab1.MainTest" name="Test08" time="0.000"/>
  <system-out/>
  <testcase classname="cs.ing.software.lab1.MainTest" name="Test08" time="0.001"/>
  <system-out/>
  <testcase classname="cs.ing.software.lab1.MainTest" name="Test08" time="0.000"/>
  <system-out/>
  <testcase classname="cs.ing.software.lab1.MainTest" name="Test08" time="0.001"/>
  <system-out/>
  <testcase classname="cs.ing.software.lab1.MainTest" name="Test08" time="0.000"/>
  <system-out/>
  <testcase classname="cs.ing.software.lab1.MainTest" name="Test08" time="0.000"/>
  <system-out/>
  <testcase classname="cs.ing.software.lab1.MainTest" name="Test08" time="0.000"/>
  <system-out/>
  <testcase classname="cs.ing.software.lab1.MainTest" name="Test08" time="0.019"/>
  <system-out/>
  <testcase classname="cs.ing.software.lab1.MainTest" name="Test08" time="0.001"/>
  <system-out/>
  <testcase classname="cs.ing.software.lab1.MainTest" name="Test08" time="0.000"/>
  <system-out/>
  <testcase classname="cs.ing.software.lab1.MainTest" name="Test08" time="0.000"/>
  <system-out/>
  <testcase classname="cs.ing.software.lab1.MainTest" name="Test08" time="0.000"/>
  <system-out/>
  <testcase classname="cs.ing.software.lab1.MainTest" name="Test08" time="0.000"/>
  <system-out/>
  <testcase classname="cs.ing.software.lab1.MainTest" name="Test08" time="0.001"/>
  <system-out/>
  <testcase classname="cs.ing.software.lab1.MainTest" name="Test08" time="0.000"/>
  <system-out/>
  <testcase classname="cs.ing.software.lab1.MainTest" name="Test08" time="0.001"/>
  <system-out/>
  <testcase classname="cs.ing.software.lab1.MainTest" name="Test08" time="0.015"/>
  <system-out/>
  <testcase classname="cs.ing.software.lab1.MainTest" name="Test08" time="0.001"/>
  <system-out/>
  <testcase classname="cs.ing.software.lab1.MainTest" name="Test08" time="0.000"/>
  <system-out/>
  <testcase classname="cs.ing.software.lab1.MainTest" name="Test08" time="0.000"/>
  <system-out/>
  <testcase classname="cs.ing.software.lab1.MainTest" name="Test08" time="0.001"/>
  <system-out/>
  <testcase classname="cs.ing.software.lab1.MainTest" name="Test08" time="0.001"/>
  <system-out/>
  <testcase classname="cs.ing.software.lab1.MainTest" name="Test08" time="0.000"/>
  <system-out/>
  <testcase classname="cs.ing.software.lab1.MainTest" name="Test08" time="0.004"/>
  <system-out/>
  <testcase classname="cs.ing.software.lab1.MainTest" name="Test08" time="0.001"/>
  <system-out/>
  <testcase classname="cs.ing.software.lab1.MainTest" name="Test08" time="0.000"/>
  <system-out/>
  <testcase classname="cs.ing.software.lab1.MainTest" name="Test08" time="0.000"/>
  <system-out/>
  <testcase classname="cs.ing.software.lab1.MainTest" name="Test08" time="0.001"/>
  <system-out/>
  <testcase classname="cs.ing.software.lab1.MainTest" name="Test08" time="0.000"/>
  <system-out/>
  <testcase classname="cs.ing.software.lab1.MainTest" name="Test08" time="0.073"/>
  <system-out/>
  <testcase classname="cs.ing.software.lab1.MainTest" name="Test08" time="0.000"/>
  <system-out/>
  <testcase classname="cs.ing.software.lab1.MainTest" name="Test08" time="0.000"/>
  <system-out/>
  <testcase classname="cs.ing.software.lab1.MainTest" name="Test08" time="0.001"/>
  <system-out/>
  <testcase classname="cs.ing.software.lab1.MainTest" name="Test08" time="0.000"/>
  <system-out/>
  <testcase classname="cs.ing.software.lab1.MainTest" name="Test08" time="0.000"/>
  <system-out/>
  <testcase classname="cs.ing.software.lab1.MainTest" name="Test08" time="0.000"/>
  <system-out/>
  <testcase classname="cs.ing.software.lab1.MainTest" name="Test08" time="0.026"/>
  <system-out/>
  <testcase classname="cs.ing.software.lab1.MainTest" name="Test08" time="0.001"/>
  <system-out/>
  <testcase classname="cs.ing.software.lab1.MainTest" name="Test08" time="0.001"/>
  <system-out/>
  <testcase classname="cs.ing.software.lab1.MainTest" name="Test08" time="0.000"/>
  <system-out/>
  <testcase classname="cs.ing.software.lab1.MainTest" name="Test08" time="0.000"/>
  <system-out/>
  <testcase classname="cs.ing.software.lab1.MainTest" name="Test08" time="0.000"/>
  <system-out/>
  <testcase classname="cs.ing.software.lab1.MainTest" name="Test08" time="0.001"/>
  <system-out/>
  <testcase classname="cs.ing.software.lab1.MainTest" name="Test08" time="0.000"/>
  <system-out/>
  <testcase classname="cs.ing.software.lab1.MainTest" name="Test08" time="0.000"/>
  <system-out/>
  <testcase classname="cs.ing.software.lab1.MainTest" name="Test08" time="0.000"/>
  <system-out/>
  <testcase classname="cs.ing.software.lab1.MainTest" name="Test08" time="0.000"/>
  <system-out/>
  <testcase classname="cs.ing.software.lab1.MainTest" name="Test08" time="0.000"/>
  <system-out/>
  <testcase classname="cs.ing.software.lab1.MainTest" name="Test08" time="0.000"/>
  <system-out/>
  <testcase classname="cs.ing.software.lab1.MainTest" name="Test08" time="0.000"/>
  <system-out/>
  <testcase classname="cs.ing.software.lab1.MainTest" name="Test08" time="0.062"/>
  <system-out/>
  <testcase classname="cs.ing.software.lab1.MainTest" name="Test08" time="0.000"/>
  <system-out/>
  <testcase classname="cs.ing.software.lab1.MainTest" name="Test08" time="0.002"/>
  <system-out/>
  <testcase classname="cs.ing.software.lab1.MainTest" name="Test08" time="0.000"/>
  <system-out/>
  <testcase classname="cs.ing.software.lab1.MainTest" name="Test08" time="0.011"/>
  <system-out/>
  <testcase classname="cs.ing.software.lab1.MainTest" name="Test08" time="0.000"/>
  <system-out/>
  <testcase classname="cs.ing.software.lab1.MainTest" name="Test08" time="0.000"/>
  <system-out/>
  <testcase classname="cs.ing.software.lab1.MainTest" name="Test08" time="0.046"/>
  <system-out/>
  <testcase classname="cs.ing.software.lab1.MainTest" name="Test08" time="0.001"/>
  <system-out/>
  <testcase classname="cs.ing.software.lab1.MainTest" name="Test08" time="0.000"/>
  <system-out/>
  <testcase classname="cs.ing.software.lab1.MainTest" name="Test08" time="0.000"/>
  <system-out/>
  <testcase classname="cs.ing.software.lab1.MainTest" name="Test08" time="0.015"/>
  <system-out/>
  <testcase classname="cs.ing.software.lab1.MainTest" name="Test08" time="0.000"/>
  <system-out/>
  <testcase classname="cs.ing.software.lab1.MainTest" name="Test08" time="0.000"/>
  <system-out/>
  <testcase classname="cs.ing.software.lab1.MainTest" name="Test03" time="0.000"/>
  <system-out/>
  <testcase classname="cs.ing.software.lab1.MainTest" name="Test08" time="0.000"/>
  <system-out/>
  <testcase classname="cs.ing.software.lab1.MainTest" name="Test08" time="0.000"/>
  <system-out/>
  <testcase classname="cs.ing.software.lab1.MainTest" name="Test08" time="0.000"/>
  <system-out/>
  <testcase classname="cs.ing.software.lab1.MainTest" name="Test08" time="0.059"/>
  <system-out/>
  <testcase classname="cs.ing.software.lab1.MainTest" name="Test08" time="0.001"/>
  <system-out/>
  <testcase classname="cs.ing.software.lab1.MainTest" name="Test08" time="0.000"/>
  <system-out/>
  <testcase classname="cs.ing.software.lab1.MainTest" name="Test08" time="0.042"/>
  <system-out/>
  <testcase classname="cs.ing.software.lab1.MainTest" name="Test08" time="0.000"/>
  <system-out/>
  <testcase classname="cs.ing.software.lab1.MainTest" name="Test08" time="0.069"/>
  <system-out/>
  <testcase classname="cs.ing.software.lab1.MainTest" name="Test08" time="0.000"/>
  <system-out/>
  <testcase classname="cs.ing.software.lab1.MainTest" name="Test08" time="0.000"/>
  <system-out/>
  <testcase classname="cs.ing.software.lab1.MainTest" name="Test08" time="0.000"/>
  <system-out/>
  <testcase classname="cs.ing.software.lab1.MainTest" name="Test08" time="0.000"/>
  <system-out/>
  <testcase classname="cs.ing.software.lab1.MainTest" name="Test08" time="0.000"/>
  <system-out/>
  <testcase classname="cs.ing.software.lab1.MainTest" name="Test08" time="0.001"/>
  <system-out/>
  <testcase classname="cs.ing.software.lab1.MainTest" name="Test08" time="0.000"/>
  <system-out/>
  <testcase classname="cs.ing.software.lab1.MainTest" name="Test08" time="0.000"/>
  <system-out/>
  <testcase classname="cs.ing.software.lab1.MainTest" name="Test08" time="0.000"/>
  <system-out/>
  <testcase classname="cs.ing.software.lab1.MainTest" name="Test08" time="0.000"/>
  <system-out/>
  <testcase classname="cs.ing.software.lab1.MainTest" name="Test08" time="0.030"/>
  <system-out/>
  <testcase classname="cs.ing.software.lab1.MainTest" name="Test08" time="0.000"/>
  <system-out/>
  <testcase classname="cs.ing.software.lab1.MainTest" name="Test08" time="0.029"/>
  <system-out/>
  <testcase classname="cs.ing.software.lab1.MainTest" name="Test08" time="0.001"/>
  <system-out/>
  <testcase classname="cs.ing.software.lab1.MainTest" name="Test08" time="0.008"/>
  <system-out/>
  <testcase classname="cs.ing.software.lab1.MainTest" name="Test08" time="0.000"/>
  <system-out/>
  <testcase classname="cs.ing.software.lab1.MainTest" name="Test08" time="0.000"/>
  <system-out/>
  <testcase classname="cs.ing.software.lab1.MainTest" name="Test08" time="0.000"/>
  <system-out/>
  <testcase classname="cs.ing.software.lab1.MainTest" name="Test08" time="0.000"/>
  <system-out/>
  <testcase classname="cs.ing.software.lab1.MainTest" name="Test08" time="0.000"/>
  <system-out/>
  <testcase classname="cs.ing.software.lab1.MainTest" name="Test08" time="0.001"/>
  <system-out/>
  <testcase classname="cs.ing.software.lab1.MainTest" name="Test08" time="0.001"/>
  <system-out/>
  <testcase classname="cs.ing.software.lab1.MainTest" name="Test08" time="0.000"/>
  <system-out/>
  <testcase classname="cs.ing.software.lab1.MainTest" name="Test08" time="0.001"/>
  <system-out/>
  <testcase classname="cs.ing.software.lab1.MainTest" name="Test08" time="0.003"/>
  <system-out/>
  <testcase classname="cs.ing.software.lab1.MainTest" name="Test08" time="0.000"/>
  <system-out/>
  <testcase classname="cs.ing.software.lab1.MainTest" name="Test08" time="0.000"/>
  <system-out/>
  <testcase classname="cs.ing.software.lab1.MainTest" name="Test08" time="0.001"/>
  <system-out/>
  <testcase classname="cs.ing.software.lab1.MainTest" name="Test08" time="0.001"/>
  <system-out/>
  <testcase classname="cs.ing.software.lab1.MainTest" name="Test08" time="0.000"/>
  <system-out/>
  <testcase classname="cs.ing.software.lab1.MainTest" name="Test08" time="0.000"/>
  <system-out/>
  <testcase classname="cs.ing.software.lab1.MainTest" name="Test08" time="0.013"/>
  <system-out/>
  <testcase classname="cs.ing.software.lab1.MainTest" name="Test08" time="0.000"/>
  <system-out/>
  <testcase classname="cs.ing.software.lab1.MainTest" name="Test08" time="0.000"/>
  <system-out/>
  <testcase classname="cs.ing.software.lab1.MainTest" name="Test08" time="0.000"/>
  <system-out/>
  <testcase classname="cs.ing.software.lab1.MainTest" name="Test08" time="0.035"/>
  <system-out/>
  <testcase classname="cs.ing.software.lab1.MainTest" name="Test08" time="0.001"/>
  <system-out/>
  <testcase classname="cs.ing.software.lab1.MainTest" name="Test08" time="0.000"/>
  <system-out/>
  <testcase classname="cs.ing.software.lab1.MainTest" name="Test08" time="0.014"/>
  <system-out/>
  <testcase classname="cs.ing.software.lab1.MainTest" name="Test08" time="0.000"/>
  <system-out/>
  <testcase classname="cs.ing.software.lab1.MainTest" name="Test08" time="0.001"/>
  <system-out/>
  <testcase classname="cs.ing.software.lab1.MainTest" name="Test08" time="0.011"/>
  <system-out/>
  <testcase classname="cs.ing.software.lab1.MainTest" name="Test08" time="0.000"/>
  <system-out/>
  <testcase classname="cs.ing.software.lab1.MainTest" name="Test08" time="0.001"/>
  <system-out/>
  <testcase classname="cs.ing.software.lab1.MainTest" name="Test07" time="0.000"/>
  <system-out/>
  <testcase classname="cs.ing.software.lab1.MainTest" name="Test08" time="0.001"/>
  <system-out/>
  <testcase classname="cs.ing.software.lab1.MainTest" name="Test08" time="0.001"/>
  <system-out/>
  <testcase classname="cs.ing.software.lab1.MainTest" name="Test08" time="0.000"/>
  <system-out/>
  <testcase classname="cs.ing.software.lab1.MainTest" name="Test08" time="0.000"/>
  <system-out/>
  <testcase classname="cs.ing.software.lab1.MainTest" name="Test08" time="0.000"/>
  <system-out/>
  <testcase classname="cs.ing.software.lab1.MainTest" name="Test08" time="0.001"/>
  <system-out/>
  <testcase classname="cs.ing.software.lab1.MainTest" name="Test08" time="0.001"/>
  <system-out/>
  <testcase classname="cs.ing.software.lab1.MainTest" name="Test08" time="0.001"/>
  <system-out/>
  <testcase classname="cs.ing.software.lab1.MainTest" name="Test08" time="0.001"/>
  <system-out/>
  <testcase classname="cs.ing.software.lab1.MainTest" name="Test08" time="0.012"/>
  <system-out/>
  <testcase classname="cs.ing.software.lab1.MainTest" name="Test08" time="0.000"/>
  <system-out/>
  <testcase classname="cs.ing.software.lab1.MainTest" name="Test08" time="0.000"/>
  <system-out/>
  <testcase classname="cs.ing.software.lab1.MainTest" name="Test08" time="0.000"/>
  <system-out/>
  <testcase classname="cs.ing.software.lab1.MainTest" name="Test08" time="0.000"/>
  <system-out/>
  <testcase classname="cs.ing.software.lab1.MainTest" name="Test08" time="0.001"/>
  <system-out/>
  <testcase classname="cs.ing.software.lab1.MainTest" name="Test08" time="0.000"/>
  <system-out/>
  <testcase classname="cs.ing.software.lab1.MainTest" name="Test08" time="0.001"/>
  <system-out/>
  <testcase classname="cs.ing.software.lab1.MainTest" name="Test08" time="0.046"/>
  <system-out/>
  <testcase classname="cs.ing.software.lab1.MainTest" name="Test08" time="0.019"/>
  <system-out/>
  <testcase classname="cs.ing.software.lab1.MainTest" name="Test08" time="0.000"/>
  <system-out/>
  <testcase classname="cs.ing.software.lab1.MainTest" name="Test08" time="0.001"/>
  <system-out/>
  <testcase classname="cs.ing.software.lab1.MainTest" name="Test08" time="0.001"/>
  <system-out/>
  <testcase classname="cs.ing.software.lab1.MainTest" name="Test08" time="0.000"/>
  <system-out/>
  <testcase classname="cs.ing.software.lab1.MainTest" name="Test08" time="0.000"/>
  <system-out/>
  <testcase classname="cs.ing.software.lab1.MainTest" name="Test08" time="0.000"/>
  <system-out/>
  <testcase classname="cs.ing.software.lab1.MainTest" name="Test08" time="0.000"/>
  <system-out/>
  <testcase classname="cs.ing.software.lab1.MainTest" name="Test08" time="0.007"/>
  <system-out/>
  <testcase classname="cs.ing.software.lab1.MainTest" name="Test08" time="0.000"/>
  <system-out/>
  <testcase classname="cs.ing.software.lab1.MainTest" name="Test08" time="0.001"/>
  <system-out/>
  <testcase classname="cs.ing.software.lab1.MainTest" name="Test08" time="0.000"/>
  <system-out/>
  <testcase classname="cs.ing.software.lab1.MainTest" name="Test08" time="0.067"/>
  <system-out/>
  <testcase classname="cs.ing.software.lab1.MainTest" name="Test08" time="0.000"/>
  <system-out/>
  <testcase classname="cs.ing.software.lab1.MainTest" name="Test08" time="0.000"/>
  <system-out/>
  <testcase classname="cs.ing.software.lab1.MainTest" name="Test08" time="0.000"/>
  <system-out/>
  <testcase classname="cs.ing.software.lab1.MainTest" name="Test08" time="0.000"/>
  <system-out/>
  <testcase classname="cs.ing.software.lab1.MainTest" name="Test08" time="0.001"/>
  <system-out/>
  <testcase classname="cs.ing.software.lab1.MainTest" name="Test08" time="0.001"/>
  <system-out/>
  <testcase classname="cs.ing.software.lab1.MainTest" name="Test08" time="0.000"/>
  <system-out/>
  <testcase classname="cs.ing.software.lab1.MainTest" name="Test08" time="0.000"/>
  <system-out/>
  <testcase classname="cs.ing.software.lab1.MainTest" name="Test08" time="0.060"/>
  <system-out/>
  <testcase classname="cs.ing.software.lab1.MainTest" name="Test08" time="0.000"/>
  <system-out/>
  <testcase classname="cs.ing.software.lab1.MainTest" name="Test08" time="0.000"/>
  <system-out/>
  <testcase classname="cs.ing.software.lab1.MainTest" name="Test08" time="0.027"/>
  <system-out/>
  <testcase classname="cs.ing.software.lab1.MainTest" name="Test08" time="0.000"/>
  <system-out/>
  <testcase classname="cs.ing.software.lab1.MainTest" name="Test08" time="0.000"/>
  <system-out/>
  <testcase classname="cs.ing.software.lab1.MainTest" name="Test08" time="0.000"/>
  <system-out/>
  <testcase classname="cs.ing.software.lab1.MainTest" name="Test08" time="0.001"/>
  <system-out/>
  <testcase classname="cs.ing.software.lab1.MainTest" name="Test08" time="0.001"/>
  <system-out/>
  <testcase classname="cs.ing.software.lab1.MainTest" name="Test08" time="0.000"/>
  <system-out/>
  <testcase classname="cs.ing.software.lab1.MainTest" name="Test08" time="0.041"/>
  <system-out/>
  <testcase classname="cs.ing.software.lab1.MainTest" name="Test08" time="0.002"/>
  <system-out/>
  <testcase classname="cs.ing.software.lab1.MainTest" name="Test08" time="0.000"/>
  <system-out/>
  <testcase classname="cs.ing.software.lab1.MainTest" name="Test08" time="0.000"/>
  <system-out/>
  <testcase classname="cs.ing.software.lab1.MainTest" name="Test08" time="0.013"/>
  <system-out/>
  <testcase classname="cs.ing.software.lab1.MainTest" name="Test08" time="0.000"/>
  <system-out/>
  <testcase classname="cs.ing.software.lab1.MainTest" name="Test08" time="0.001"/>
  <system-out/>
  <testcase classname="cs.ing.software.lab1.MainTest" name="Test08" time="0.002"/>
  <system-out/>
  <testcase classname="cs.ing.software.lab1.MainTest" name="Test08" time="0.001"/>
  <system-out/>
  <testcase classname="cs.ing.software.lab1.MainTest" name="Test08" time="0.000"/>
  <system-out/>
  <testcase classname="cs.ing.software.lab1.MainTest" name="Test08" time="0.000"/>
  <system-out/>
  <testcase classname="cs.ing.software.lab1.MainTest" name="Test08" time="0.001"/>
  <system-out/>
  <testcase classname="cs.ing.software.lab1.MainTest" name="Test08" time="0.000"/>
  <system-out/>
  <testcase classname="cs.ing.software.lab1.MainTest" name="Test08" time="0.000"/>
  <system-out/>
  <testcase classname="cs.ing.software.lab1.MainTest" name="Test08" time="0.000"/>
  <system-out/>
  <testcase classname="cs.ing.software.lab1.MainTest" name="Test08" time="0.009"/>
  <system-out/>
  <testcase classname="cs.ing.software.lab1.MainTest" name="Test08" time="0.001"/>
  <system-out/>
  <testcase classname="cs.ing.software.lab1.MainTest" name="Test08" time="0.001"/>
  <system-out/>
  <testcase classname="cs.ing.software.lab1.MainTest" name="Test08" time="0.031"/>
  <system-out/>
  <testcase classname="cs.ing.software.lab1.MainTest" name="Test08" time="0.001"/>
  <system-out/>
  <testcase classname="cs.ing.software.lab1.MainTest" name="Test08" time="0.000"/>
  <system-out/>
  <testcase classname="cs.ing.software.lab1.MainTest" name="Test08" time="0.000"/>
  <system-out/>
  <testcase classname="cs.ing.software.lab1.MainTest" name="Test08" time="0.000"/>
  <system-out/>
  <testcase classname="cs.ing.software.lab1.MainTest" name="Test08" time="0.000"/>
  <system-out/>
  <testcase classname="cs.ing.software.lab1.MainTest" name="Test08" time="0.000"/>
  <system-out/>
  <testcase classname="cs.ing.software.lab1.MainTest" name="Test08" time="0.000"/>
  <system-out/>
  <testcase classname="cs.ing.software.lab1.MainTest" name="Test08" time="0.001"/>
  <system-out/>
  <testcase classname="cs.ing.software.lab1.MainTest" name="Test08" time="0.000"/>
  <system-out/>
  <testcase classname="cs.ing.software.lab1.MainTest" name="Test02" time="0.001"/>
  <system-out/>
  <testcase classname="cs.ing.software.lab1.MainTest" name="Test08" time="0.000"/>
  <system-out/>
  <testcase classname="cs.ing.software.lab1.MainTest" name="Test08" time="0.001"/>
  <system-out/>
  <testcase classname="cs.ing.software.lab1.MainTest" name="Test08" time="0.000"/>
  <system-out/>
  <testcase classname="cs.ing.software.lab1.MainTest" name="Test08" time="0.000"/>
  <system-out/>
  <testcase classname="cs.ing.software.lab1.MainTest" name="Test08" time="0.000"/>
  <system-out/>
  <testcase classname="cs.ing.software.lab1.MainTest" name="Test08" time="0.070"/>
  <system-out/>
  <testcase classname="cs.ing.software.lab1.MainTest" name="Test08" time="0.001"/>
  <system-out/>
  <testcase classname="cs.ing.software.lab1.MainTest" name="Test08" time="0.015"/>
  <system-out/>
  <testcase classname="cs.ing.software.lab1.MainTest" name="Test08" time="0.000"/>
  <system-out/>
  <testcase classname="cs.ing.software.lab1.MainTest" name="Test08" time="0.000"/>
  <system-out/>
  <testcase classname="cs.ing.software.lab1.MainTest" name="Test08" time="0.014"/>
  <system-out/>
  <testcase classname="cs.ing.software.lab1.MainTest" name="Test08" time="0.000"/>
  <system-out/>
  <testcase classname="cs.ing.software.lab1.MainTest" name="Test08" time="0.000"/>
  <system-out/>
  <testcase classname="cs.ing.software.lab1.MainTest" name="Test08" time="0.000"/>
  <system-out/>
  <testcase classname="cs.ing.software.lab1.MainTest" name="Test08" time="0.000"/>
  <system-out/>
  <testcase classname="cs.ing.software.lab1.MainTest" name="Test08" time="0.000"/>
  <system-out/>
  <testcase classname="cs.ing.software.lab1.MainTest" name="Test08" time="0.028"/>
  <system-out/>
  <testcase classname="cs.ing.software.lab1.MainTest" name="Test08" time="0.000"/>
  <system-out/>
  <testcase classname="cs.ing.software.lab1.MainTest" name="Test08" time="0.001"/>
  <system-out/>
  <testcase classname="cs.ing.software.lab1.MainTest" name="Test08" time="0.000"/>
  <system-out/>
  <testcase classname="cs.ing.software.lab1.MainTest" name="Test08" time="0.000"/>
  <system-out/>
  <testcase classname="cs.ing.software.lab1.MainTest" name="Test08" time="0.000"/>
  <system-out/>
  <testcase classname="cs.ing.software.lab1.MainTest" name="Test08" time="0.001"/>
  <system-out/>
  <testcase classname="cs.ing.software.lab1.MainTest" name="Test08" time="0.000"/>
  <system-out/>
  <testcase classname="cs.ing.software.lab1.MainTest" name="Test08" time="0.040"/>
  <system-out/>
  <testcase classname="cs.ing.software.lab1.MainTest" name="Test08" time="0.000"/>
  <system-out/>
  <testcase classname="cs.ing.software.lab1.MainTest" name="Test08" time="0.000"/>
  <system-out/>
  <testcase classname="cs.ing.software.lab1.MainTest" name="Test08" time="0.000"/>
  <system-out/>
  <testcase classname="cs.ing.software.lab1.MainTest" name="Test08" time="0.001"/>
  <system-out/>
  <testcase classname="cs.ing.software.lab1.MainTest" name="Test08" time="0.115"/>
  <system-out/>
  <testcase classname="cs.ing.software.lab1.MainTest" name="Test08" time="0.056"/>
  <system-out/>
  <testcase classname="cs.ing.software.lab1.MainTest" name="Test08" time="0.000"/>
  <system-out/>
  <testcase classname="cs.ing.software.lab1.MainTest" name="Test08" time="0.000"/>
  <system-out/>
  <testcase classname="cs.ing.software.lab1.MainTest" name="Test08" time="0.000"/>
  <system-out/>
  <testcase classname="cs.ing.software.lab1.MainTest" name="Test08" time="0.000"/>
  <system-out/>
  <testcase classname="cs.ing.software.lab1.MainTest" name="Test08" time="0.000"/>
  <system-out/>
  <testcase classname="cs.ing.software.lab1.MainTest" name="Test08" time="0.001"/>
  <system-out/>
  <testcase classname="cs.ing.software.lab1.MainTest" name="Test08" time="0.001"/>
  <system-out/>
  <testcase classname="cs.ing.software.lab1.MainTest" name="Test08" time="0.000"/>
  <system-out/>
  <testcase classname="cs.ing.software.lab1.MainTest" name="Test08" time="0.000"/>
  <system-out/>
  <testcase classname="cs.ing.software.lab1.MainTest" name="Test08" time="0.018"/>
  <system-out/>
  <testcase classname="cs.ing.software.lab1.MainTest" name="Test08" time="0.000"/>
  <system-out/>
  <testcase classname="cs.ing.software.lab1.MainTest" name="Test08" time="0.069"/>
  <system-out/>
  <testcase classname="cs.ing.software.lab1.MainTest" name="Test08" time="0.000"/>
  <system-out/>
  <testcase classname="cs.ing.software.lab1.MainTest" name="Test08" time="0.000"/>
  <system-out/>
  <testcase classname="cs.ing.software.lab1.MainTest" name="Test08" time="0.000"/>
  <system-out/>
  <testcase classname="cs.ing.software.lab1.MainTest" name="Test08" time="0.001"/>
  <system-out/>
  <testcase classname="cs.ing.software.lab1.MainTest" name="Test08" time="0.000"/>
  <system-out/>
  <testcase classname="cs.ing.software.lab1.MainTest" name="Test08" time="0.001"/>
  <system-out/>
  <testcase classname="cs.ing.software.lab1.MainTest" name="Test08" time="0.001"/>
  <system-out/>
  <testcase classname="cs.ing.software.lab1.MainTest" name="Test08" time="0.001"/>
  <system-out/>
  <testcase classname="cs.ing.software.lab1.MainTest" name="Test08" time="0.008"/>
  <system-out/>
  <testcase classname="cs.ing.software.lab1.MainTest" name="Test08" time="0.000"/>
  <system-out/>
  <testcase classname="cs.ing.software.lab1.MainTest" name="Test08" time="0.000"/>
  <system-out/>
  <testcase classname="cs.ing.software.lab1.MainTest" name="Test08" time="0.000"/>
  <system-out/>
  <testcase classname="cs.ing.software.lab1.MainTest" name="Test08" time="0.021"/>
  <system-out/>
  <testcase classname="cs.ing.software.lab1.MainTest" name="Test08" time="0.049"/>
  <system-out/>
  <testcase classname="cs.ing.software.lab1.MainTest" name="Test08" time="0.000"/>
  <system-out/>
  <testcase classname="cs.ing.software.lab1.MainTest" name="Test08" time="0.065"/>
  <system-out/>
  <testcase classname="cs.ing.software.lab1.MainTest" name="Test08" time="0.000"/>
  <system-out/>
  <testcase classname="cs.ing.software.lab1.MainTest" name="Test08" time="0.000"/>
  <system-out/>
  <testcase classname="cs.ing.software.lab1.MainTest" name="Test08" time="0.000"/>
  <system-out/>
  <testcase classname="cs.ing.software.lab1.MainTest" name="Test08" time="0.005"/>
  <system-out/>
  <testcase classname="cs.ing.software.lab1.MainTest" name="Test08" time="0.000"/>
  <system-out/>
  <testcase classname="cs.ing.software.lab1.MainTest" name="Test08" time="0.001"/>
  <system-out/>
  <testcase classname="cs.ing.software.lab1.MainTest" name="Test08" time="0.000"/>
  <system-out/>
  <testcase classname="cs.ing.software.lab1.MainTest" name="Test08" time="0.001"/>
  <system-out/>
  <testcase classname="cs.ing.software.lab1.MainTest" name="Test08" time="0.000"/>
  <system-out/>
  <testcase classname="cs.ing.software.lab1.MainTest" name="Test08" time="0.000"/>
  <system-out/>
  <testcase classname="cs.ing.software.lab1.MainTest" name="Test08" time="0.001"/>
  <system-out/>
  <testcase classname="cs.ing.software.lab1.MainTest" name="Test08" time="0.067"/>
  <system-out/>
  <testcase classname="cs.ing.software.lab1.MainTest" name="Test08" time="0.000"/>
  <system-out/>
  <testcase classname="cs.ing.software.lab1.MainTest" name="Test08" time="0.000"/>
  <system-out/>
  <testcase classname="cs.ing.software.lab1.MainTest" name="Test08" time="0.029"/>
  <system-out/>
  <testcase classname="cs.ing.software.lab1.MainTest" name="Test08" time="0.001"/>
  <system-out/>
  <testcase classname="cs.ing.software.lab1.MainTest" name="Test08" time="0.001"/>
  <system-out/>
  <testcase classname="cs.ing.software.lab1.MainTest" name="Test08" time="0.000"/>
  <system-out/>
  <testcase classname="cs.ing.software.lab1.MainTest" name="Test08" time="0.000"/>
  <system-out/>
  <testcase classname="cs.ing.software.lab1.MainTest" name="Test08" time="0.000"/>
  <system-out/>
  <testcase classname="cs.ing.software.lab1.MainTest" name="Test08" time="0.000"/>
  <system-out/>
  <testcase classname="cs.ing.software.lab1.MainTest" name="Test08" time="0.000"/>
  <system-out/>
  <testcase classname="cs.ing.software.lab1.MainTest" name="Test08" time="0.021"/>
  <system-out/>
  <testcase classname="cs.ing.software.lab1.MainTest" name="Test08" time="0.000"/>
  <system-out/>
  <testcase classname="cs.ing.software.lab1.MainTest" name="Test08" time="0.085"/>
  <system-out/>
  <testcase classname="cs.ing.software.lab1.MainTest" name="Test08" time="0.057"/>
  <system-out/>
  <testcase classname="cs.ing.software.lab1.MainTest" name="Test08" time="0.087"/>
  <system-out/>
  <testcase classname="cs.ing.software.lab1.MainTest" name="Test08" time="0.003"/>
  <system-out/>
  <testcase classname="cs.ing.software.lab1.MainTest" name="Test08" time="0.000"/>
  <system-out/>
  <testcase classname="cs.ing.software.lab1.MainTest" name="Test08" time="0.000"/>
  <system-out/>
  <testcase classname="cs.ing.software.lab1.MainTest" name="Test08" time="0.000"/>
  <system-out/>
  <testcase classname="cs.ing.software.lab1.MainTest" name="Test08" time="0.001"/>
  <system-out/>
  <testcase classname="cs.ing.software.lab1.MainTest" name="Test08" time="0.001"/>
  <system-out/>
  <testcase classname="cs.ing.software.lab1.MainTest" name="Test08" time="0.044"/>
  <system-out/>
  <testcase classname="cs.ing.software.lab1.MainTest" name="Test08" time="0.052"/>
  <system-out/>
  <testcase classname="cs.ing.software.lab1.MainTest" name="Test08" time="0.000"/>
  <system-out/>
  <testcase classname="cs.ing.software.lab1.MainTest" name="Test08" time="0.001"/>
  <system-out/>
  <testcase classname="cs.ing.software.lab1.MainTest" name="Test08" time="0.000"/>
  <system-out/>
  <testcase classname="cs.ing.software.lab1.MainTest" name="Test08" time="0.001"/>
  <system-out/>
  <testcase classname="cs.ing.software.lab1.MainTest" name="Test08" time="0.000"/>
  <system-out/>
  <testcase classname="cs.ing.software.lab1.MainTest" name="Test08" time="0.000"/>
  <system-out/>
  <testcase classname="cs.ing.software.lab1.MainTest" name="Test05" time="0.002"/>
  <system-out/>
  <testcase classname="cs.ing.software.lab1.MainTest" name="Test08" time="0.000"/>
  <system-out/>
  <testcase classname="cs.ing.software.lab1.MainTest" name="Test08" time="0.064"/>
  <system-out/>
  <testcase classname="cs.ing.software.lab1.MainTest" name="Test08" time="0.000"/>
  <system-out/>
  <testcase classname="cs.ing.software.lab1.MainTest" name="Test08" time="0.016"/>
  <system-out/>
  <testcase classname="cs.ing.software.lab1.MainTest" name="Test08" time="0.000"/>
  <system-out/>
  <testcase classname="cs.ing.software.lab1.MainTest" name="Test08" time="0.000"/>
  <system-out/>
  <testcase classname="cs.ing.software.lab1.MainTest" name="Test08" time="0.001"/>
  <system-out/>
  <testcase classname="cs.ing.software.lab1.MainTest" name="Test08" time="0.000"/>
  <system-out/>
  <testcase classname="cs.ing.software.lab1.MainTest" name="Test08" time="0.000"/>
  <system-out/>
  <testcase classname="cs.ing.software.lab1.MainTest" name="Test08" time="0.065"/>
  <system-out/>
  <testcase classname="cs.ing.software.lab1.MainTest" name="Test08" time="0.000"/>
  <system-out/>
  <testcase classname="cs.ing.software.lab1.MainTest" name="Test08" time="0.001"/>
  <system-out/>
  <testcase classname="cs.ing.software.lab1.MainTest" name="Test08" time="0.000"/>
  <system-out/>
  <testcase classname="cs.ing.software.lab1.MainTest" name="Test08" time="0.001"/>
  <system-out/>
  <testcase classname="cs.ing.software.lab1.MainTest" name="Test08" time="0.000"/>
  <system-out/>
  <testcase classname="cs.ing.software.lab1.MainTest" name="Test08" time="0.000"/>
  <system-out/>
  <testcase classname="cs.ing.software.lab1.MainTest" name="Test08" time="0.008"/>
  <system-out/>
  <testcase classname="cs.ing.software.lab1.MainTest" name="Test08" time="0.001"/>
  <system-out/>
  <testcase classname="cs.ing.software.lab1.MainTest" name="Test08" time="0.000"/>
  <system-out/>
  <testcase classname="cs.ing.software.lab1.MainTest" name="Test08" time="0.014"/>
  <system-out/>
  <testcase classname="cs.ing.software.lab1.MainTest" name="Test08" time="0.000"/>
  <system-out/>
  <testcase classname="cs.ing.software.lab1.MainTest" name="Test08" time="0.064"/>
  <system-out/>
  <testcase classname="cs.ing.software.lab1.MainTest" name="Test08" time="0.000"/>
  <system-out/>
  <testcase classname="cs.ing.software.lab1.MainTest" name="Test08" time="0.001"/>
  <system-out/>
  <testcase classname="cs.ing.software.lab1.MainTest" name="Test08" time="0.001"/>
  <system-out/>
  <testcase classname="cs.ing.software.lab1.MainTest" name="Test08" time="0.001"/>
  <system-out/>
  <testcase classname="cs.ing.software.lab1.MainTest" name="Test08" time="0.001"/>
  <system-out/>
  <testcase classname="cs.ing.software.lab1.MainTest" name="Test08" time="0.001"/>
  <system-out/>
  <testcase classname="cs.ing.software.lab1.MainTest" name="Test08" time="0.000"/>
  <system-out/>
  <testcase classname="cs.ing.software.lab1.MainTest" name="Test08" time="0.001"/>
  <system-out/>
</testsuite> <!-- cs.ing.software.lab1.MainTest -->
